#
# There is insufficient memory for the Java Runtime Environment to continue.
# Native memory allocation (malloc) failed to allocate 32784 bytes. Error detail: Chunk::new
# Possible reasons:
#   The system is out of physical RAM or swap space
#   This process is running with CompressedOops enabled, and the Java Heap may be blocking the growth of the native heap
# Possible solutions:
#   Reduce memory load on the system
#   Increase physical memory or swap space
#   Check if swap backing store is full
#   Decrease Java heap size (-Xmx/-Xms)
#   Decrease number of Java threads
#   Decrease Java thread stack sizes (-Xss)
#   Set larger code cache with -XX:ReservedCodeCacheSize=
#   JVM is running with Unscaled Compressed Oops mode in which the Java heap is
#     placed in the first 4GB address space. The Java Heap base address is the
#     maximum limit for the native heap growth. Please use -XX:HeapBaseMinAddress
#     to set the Java Heap base and to place the Java Heap above 4GB virtual address.
# This output file may be truncated or incomplete.
#
#  Out of Memory Error (arena.cpp:191), pid=21884, tid=5676
#
# JRE version: OpenJDK Runtime Environment Temurin-17.0.13+11 (17.0.13+11) (build 17.0.13+11)
# Java VM: OpenJDK 64-Bit Server VM Temurin-17.0.13+11 (17.0.13+11, mixed mode, tiered, compressed oops, compressed class ptrs, parallel gc, windows-amd64)
# No core dump will be written. Minidumps are not enabled by default on client versions of Windows
#

---------------  S U M M A R Y ------------

Command Line: --add-modules=ALL-SYSTEM --add-opens=java.base/java.util=ALL-UNNAMED --add-opens=java.base/java.lang=ALL-UNNAMED --add-opens=java.base/sun.nio.fs=ALL-UNNAMED -Declipse.application=org.eclipse.jdt.ls.core.id1 -Dosgi.bundles.defaultStartLevel=4 -Declipse.product=org.eclipse.jdt.ls.core.product -Djava.import.generatesMetadataFilesAtProjectRoot=false -DDetectVMInstallationsJob.disabled=true -Dfile.encoding=utf8 -XX:+UseParallelGC -XX:GCTimeRatio=4 -XX:AdaptiveSizePolicyWeight=90 -Dsun.zip.disableMemoryMapping=true -Xmx1G -Xms100m -Xlog:disable -javaagent:c:\Users\knare\.vscode\extensions\redhat.java-1.38.0-win32-x64\lombok\lombok-1.18.34.jar c:\Users\knare\.vscode\extensions\redhat.java-1.38.0-win32-x64\server\plugins\org.eclipse.equinox.launcher_1.6.900.v20240613-2009.jar -configuration c:\Users\knare\AppData\Roaming\Code\User\globalStorage\redhat.java\1.38.0\config_ss_win -data c:\Users\knare\AppData\Roaming\Code\User\workspaceStorage\b4134743f85b67cd7ea5228943d4ab32\redhat.java\ss_ws --pipe=\\.\pipe\lsp-45513998c6dc4d770ef82daf94093eb5-sock

Host: 11th Gen Intel(R) Core(TM) i5-1135G7 @ 2.40GHz, 8 cores, 7G,  Windows 11 , 64 bit Build 22621 (10.0.22621.4391)
Time: Sun Jan 19 18:20:58 2025 India Standard Time elapsed time: 2.649996 seconds (0d 0h 0m 2s)

---------------  T H R E A D  ---------------

Current thread (0x0000019c75152720):  JavaThread "C2 CompilerThread0" daemon [_thread_in_native, id=5676, stack(0x00000001b7900000,0x00000001b7a00000)]


Current CompileTask:
C2:   2650 2517       4       java.util.Properties$LineReader::readLine (584 bytes)

Stack: [0x00000001b7900000,0x00000001b7a00000]
Native frames: (J=compiled Java code, j=interpreted, Vv=VM code, C=native code)
V  [jvm.dll+0x682a19]
V  [jvm.dll+0x839538]
V  [jvm.dll+0x83afe3]
V  [jvm.dll+0x83b653]
V  [jvm.dll+0x24704f]
V  [jvm.dll+0xace34]
V  [jvm.dll+0xad4cc]
V  [jvm.dll+0xacf44]
V  [jvm.dll+0x66043c]
V  [jvm.dll+0x60ead6]
V  [jvm.dll+0x613e17]
V  [jvm.dll+0x614c5c]
V  [jvm.dll+0x61312c]
V  [jvm.dll+0x217ece]
V  [jvm.dll+0x21748f]
V  [jvm.dll+0x1a3070]
V  [jvm.dll+0x22788c]
V  [jvm.dll+0x2259eb]
V  [jvm.dll+0x7eec98]
V  [jvm.dll+0x7e8ffc]
V  [jvm.dll+0x6818f7]
C  [ucrtbase.dll+0x29333]
C  [KERNEL32.DLL+0x1259d]
C  [ntdll.dll+0x5af38]


---------------  P R O C E S S  ---------------

Threads class SMR info:
_java_thread_list=0x0000019c7cbc38d0, length=33, elements={
0x0000019c612e3160, 0x0000019c7a275020, 0x0000019c7a276380, 0x0000019c7a2a1330,
0x0000019c7a2a1ef0, 0x0000019c7a2a48c0, 0x0000019c7514ed20, 0x0000019c75152720,
0x0000019c751576a0, 0x0000019c7a2be000, 0x0000019c7a3b3b20, 0x0000019c7a5b6750,
0x0000019c7ba4f5d0, 0x0000019c7b8ddc90, 0x0000019c7ba26790, 0x0000019c7b80a040,
0x0000019c7ba458c0, 0x0000019c7beee6c0, 0x0000019c7beeebd0, 0x0000019c7beef0e0,
0x0000019c7beef5f0, 0x0000019c7beebe40, 0x0000019c7beec350, 0x0000019c7beec860,
0x0000019c7beecd70, 0x0000019c7beed280, 0x0000019c7beed790, 0x0000019c7beedca0,
0x0000019c7beee1b0, 0x0000019c7c2f7d70, 0x0000019c7c2f54f0, 0x0000019c7c2f7350,
0x0000019c7c2f8280
}

Java Threads: ( => current thread )
  0x0000019c612e3160 JavaThread "main" [_thread_in_vm, id=19176, stack(0x00000001b7000000,0x00000001b7100000)]
  0x0000019c7a275020 JavaThread "Reference Handler" daemon [_thread_blocked, id=20268, stack(0x00000001b7300000,0x00000001b7400000)]
  0x0000019c7a276380 JavaThread "Finalizer" daemon [_thread_blocked, id=16696, stack(0x00000001b7400000,0x00000001b7500000)]
  0x0000019c7a2a1330 JavaThread "Signal Dispatcher" daemon [_thread_blocked, id=21732, stack(0x00000001b7500000,0x00000001b7600000)]
  0x0000019c7a2a1ef0 JavaThread "Attach Listener" daemon [_thread_blocked, id=15476, stack(0x00000001b7600000,0x00000001b7700000)]
  0x0000019c7a2a48c0 JavaThread "Service Thread" daemon [_thread_blocked, id=10988, stack(0x00000001b7700000,0x00000001b7800000)]
  0x0000019c7514ed20 JavaThread "Monitor Deflation Thread" daemon [_thread_blocked, id=18228, stack(0x00000001b7800000,0x00000001b7900000)]
=>0x0000019c75152720 JavaThread "C2 CompilerThread0" daemon [_thread_in_native, id=5676, stack(0x00000001b7900000,0x00000001b7a00000)]
  0x0000019c751576a0 JavaThread "C1 CompilerThread0" daemon [_thread_blocked, id=21100, stack(0x00000001b7a00000,0x00000001b7b00000)]
  0x0000019c7a2be000 JavaThread "Sweeper thread" daemon [_thread_blocked, id=22440, stack(0x00000001b7b00000,0x00000001b7c00000)]
  0x0000019c7a3b3b20 JavaThread "Common-Cleaner" daemon [_thread_blocked, id=21496, stack(0x00000001b7c00000,0x00000001b7d00000)]
  0x0000019c7a5b6750 JavaThread "Notification Thread" daemon [_thread_blocked, id=10116, stack(0x00000001b7d00000,0x00000001b7e00000)]
  0x0000019c7ba4f5d0 JavaThread "Active Thread: Equinox Container: b105d0dd-e244-40f0-93c3-546e09e8e9ef" [_thread_blocked, id=20124, stack(0x00000001b8600000,0x00000001b8700000)]
  0x0000019c7b8ddc90 JavaThread "Framework Event Dispatcher: Equinox Container: b105d0dd-e244-40f0-93c3-546e09e8e9ef" daemon [_thread_blocked, id=12644, stack(0x00000001b8700000,0x00000001b8800000)]
  0x0000019c7ba26790 JavaThread "Start Level: Equinox Container: b105d0dd-e244-40f0-93c3-546e09e8e9ef" daemon [_thread_blocked, id=2152, stack(0x00000001b8800000,0x00000001b8900000)]
  0x0000019c7b80a040 JavaThread "SCR Component Actor" daemon [_thread_blocked, id=21084, stack(0x00000001b8900000,0x00000001b8a00000)]
  0x0000019c7ba458c0 JavaThread "SCR Component Registry" daemon [_thread_blocked, id=18624, stack(0x00000001b8b00000,0x00000001b8c00000)]
  0x0000019c7beee6c0 JavaThread "Worker-JM" [_thread_blocked, id=20404, stack(0x00000001b8c00000,0x00000001b8d00000)]
  0x0000019c7beeebd0 JavaThread "JNA Cleaner" daemon [_thread_blocked, id=22076, stack(0x00000001b8500000,0x00000001b8600000)]
  0x0000019c7beef0e0 JavaThread "Worker-0" [_thread_blocked, id=12020, stack(0x00000001b8d00000,0x00000001b8e00000)]
  0x0000019c7beef5f0 JavaThread "Worker-1" [_thread_blocked, id=20880, stack(0x00000001b8e00000,0x00000001b8f00000)]
  0x0000019c7beebe40 JavaThread "Thread-2" daemon [_thread_in_native, id=2320, stack(0x00000001b8f00000,0x00000001b9000000)]
  0x0000019c7beec350 JavaThread "Thread-3" daemon [_thread_in_native, id=20088, stack(0x00000001b9000000,0x00000001b9100000)]
  0x0000019c7beec860 JavaThread "Thread-4" daemon [_thread_in_native, id=21856, stack(0x00000001b9100000,0x00000001b9200000)]
  0x0000019c7beecd70 JavaThread "Thread-5" daemon [_thread_in_native, id=4780, stack(0x00000001b9200000,0x00000001b9300000)]
  0x0000019c7beed280 JavaThread "Thread-6" daemon [_thread_in_native, id=21268, stack(0x00000001b9300000,0x00000001b9400000)]
  0x0000019c7beed790 JavaThread "Thread-7" daemon [_thread_in_native, id=584, stack(0x00000001b9400000,0x00000001b9500000)]
  0x0000019c7beedca0 JavaThread "Thread-8" daemon [_thread_in_native, id=4768, stack(0x00000001b9500000,0x00000001b9600000)]
  0x0000019c7beee1b0 JavaThread "Thread-9" daemon [_thread_in_native, id=20148, stack(0x00000001b9600000,0x00000001b9700000)]
  0x0000019c7c2f7d70 JavaThread "Thread-10" daemon [_thread_in_native, id=20888, stack(0x00000001b9700000,0x00000001b9800000)]
  0x0000019c7c2f54f0 JavaThread "pool-2-thread-1" [_thread_blocked, id=18988, stack(0x00000001b9800000,0x00000001b9900000)]
  0x0000019c7c2f7350 JavaThread "Worker-2" [_thread_blocked, id=13896, stack(0x00000001b9900000,0x00000001b9a00000)]
  0x0000019c7c2f8280 JavaThread "Worker-3" [_thread_blocked, id=13912, stack(0x00000001b9a00000,0x00000001b9b00000)]

Other Threads:
  0x0000019c6137e7a0 VMThread "VM Thread" [stack: 0x00000001b7200000,0x00000001b7300000] [id=8092]
  0x0000019c7a5b6c30 WatcherThread [stack: 0x00000001b7e00000,0x00000001b7f00000] [id=3976]
  0x0000019c612f7040 GCTaskThread "GC Thread#0" [stack: 0x00000001b7100000,0x00000001b7200000] [id=9344]
  0x0000019c7b7a8850 GCTaskThread "GC Thread#1" [stack: 0x00000001b7f00000,0x00000001b8000000] [id=308]
  0x0000019c7b756560 GCTaskThread "GC Thread#2" [stack: 0x00000001b8000000,0x00000001b8100000] [id=22216]
  0x0000019c7b756820 GCTaskThread "GC Thread#3" [stack: 0x00000001b8100000,0x00000001b8200000] [id=22396]
  0x0000019c7b756ef0 GCTaskThread "GC Thread#4" [stack: 0x00000001b8200000,0x00000001b8300000] [id=22464]
  0x0000019c7bb4ba00 GCTaskThread "GC Thread#5" [stack: 0x00000001b8300000,0x00000001b8400000] [id=8228]
  0x0000019c7bb4b1c0 GCTaskThread "GC Thread#6" [stack: 0x00000001b8400000,0x00000001b8500000] [id=1492]
  0x0000019c7bb4c500 GCTaskThread "GC Thread#7" [stack: 0x00000001b8a00000,0x00000001b8b00000] [id=21468]

Threads with active compile tasks:
C2 CompilerThread0     2665 2517       4       java.util.Properties$LineReader::readLine (584 bytes)

VM state: not at safepoint (normal execution)

VM Mutex/Monitor currently owned by a thread: None

Heap address: 0x00000000c0000000, size: 1024 MB, Compressed Oops mode: 32-bit

CDS archive(s) not mapped
Compressed class space mapped at: 0x0000000100000000-0x0000000140000000, reserved size: 1073741824
Narrow klass base: 0x0000000000000000, Narrow klass shift: 3, Narrow klass range: 0x140000000

GC Precious Log:
 CPUs: 8 total, 8 available
 Memory: 7975M
 Large Page Support: Disabled
 NUMA Support: Disabled
 Compressed Oops: Enabled (32-bit)
 Alignments: Space 512K, Generation 512K, Heap 2M
 Heap Min Capacity: 100M
 Heap Initial Capacity: 100M
 Heap Max Capacity: 1G
 Pre-touch: Disabled
 Parallel Workers: 8

Heap:
 PSYoungGen      total 27648K, used 10094K [0x00000000eab00000, 0x00000000ecb00000, 0x0000000100000000)
  eden space 23552K, 26% used [0x00000000eab00000,0x00000000eb109860,0x00000000ec200000)
  from space 4096K, 95% used [0x00000000ec700000,0x00000000ecad1fb8,0x00000000ecb00000)
  to   space 4096K, 0% used [0x00000000ec300000,0x00000000ec300000,0x00000000ec700000)
 ParOldGen       total 68608K, used 8426K [0x00000000c0000000, 0x00000000c4300000, 0x00000000eab00000)
  object space 68608K, 12% used [0x00000000c0000000,0x00000000c083aa00,0x00000000c4300000)
 Metaspace       used 35137K, committed 35840K, reserved 1114112K
  class space    used 3520K, committed 3840K, reserved 1048576K

Card table byte_map: [0x0000019c60c90000,0x0000019c60ea0000] _byte_map_base: 0x0000019c60690000

Marking Bits: (ParMarkBitMap*) 0x00007ffa81d66940
 Begin Bits: [0x0000019c72f60000, 0x0000019c73f60000)
 End Bits:   [0x0000019c73f60000, 0x0000019c74f60000)

Polling page: 0x0000019c60a80000

Metaspace:

Usage:
  Non-class:     30.88 MB used.
      Class:      3.44 MB used.
       Both:     34.31 MB used.

Virtual space:
  Non-class space:       64.00 MB reserved,      31.25 MB ( 49%) committed,  1 nodes.
      Class space:        1.00 GB reserved,       3.75 MB ( <1%) committed,  1 nodes.
             Both:        1.06 GB reserved,      35.00 MB (  3%) committed. 

Chunk freelists:
   Non-Class:  256.00 KB
       Class:  12.22 MB
        Both:  12.47 MB

MaxMetaspaceSize: unlimited
CompressedClassSpaceSize: 1.00 GB
Initial GC threshold: 21.00 MB
Current GC threshold: 35.00 MB
CDS: off
MetaspaceReclaimPolicy: balanced
 - commit_granule_bytes: 65536.
 - commit_granule_words: 8192.
 - virtual_space_node_default_size: 8388608.
 - enlarge_chunks_in_place: 1.
 - new_chunks_are_fully_committed: 0.
 - uncommit_free_chunks: 1.
 - use_allocation_guard: 0.
 - handle_deallocations: 1.


Internal statistics:

num_allocs_failed_limit: 5.
num_arena_births: 362.
num_arena_deaths: 14.
num_vsnodes_births: 2.
num_vsnodes_deaths: 0.
num_space_committed: 560.
num_space_uncommitted: 0.
num_chunks_returned_to_freelist: 19.
num_chunks_taken_from_freelist: 1432.
num_chunk_merges: 9.
num_chunk_splits: 934.
num_chunks_enlarged: 621.
num_inconsistent_stats: 0.

CodeHeap 'non-profiled nmethods': size=120000Kb used=1137Kb max_used=1137Kb free=118862Kb
 bounds [0x0000019c6ba30000, 0x0000019c6bca0000, 0x0000019c72f60000]
CodeHeap 'profiled nmethods': size=120000Kb used=5512Kb max_used=5512Kb free=114487Kb
 bounds [0x0000019c63f60000, 0x0000019c644d0000, 0x0000019c6b490000]
CodeHeap 'non-nmethods': size=5760Kb used=1280Kb max_used=1314Kb free=4479Kb
 bounds [0x0000019c6b490000, 0x0000019c6b700000, 0x0000019c6ba30000]
 total_blobs=3486 nmethods=2895 adapters=504
 compilation: enabled
              stopped_count=0, restarted_count=0
 full_count=0

Compilation events (20 events):
Event: 2.632 Thread 0x0000019c751576a0 2904       2       org.eclipse.core.internal.registry.ReferenceMap$SoftRef::<init> (18 bytes)
Event: 2.632 Thread 0x0000019c751576a0 nmethod 2904 0x0000019c644bf390 code [0x0000019c644bf520, 0x0000019c644bf698]
Event: 2.635 Thread 0x0000019c751576a0 2907       2       org.eclipse.core.internal.registry.ConfigurationElement::getAttributeAsIs (62 bytes)
Event: 2.635 Thread 0x0000019c751576a0 nmethod 2907 0x0000019c644bf790 code [0x0000019c644bf960, 0x0000019c644bfc48]
Event: 2.635 Thread 0x0000019c751576a0 2906       2       org.eclipse.core.internal.registry.ConfigurationElement::getAttribute (6 bytes)
Event: 2.635 Thread 0x0000019c751576a0 nmethod 2906 0x0000019c644bfe10 code [0x0000019c644bffa0, 0x0000019c644c00c8]
Event: 2.635 Thread 0x0000019c751576a0 2908       2       org.eclipse.core.internal.registry.ConfigurationElementHandle::getAttribute (9 bytes)
Event: 2.635 Thread 0x0000019c751576a0 nmethod 2908 0x0000019c644c0190 code [0x0000019c644c0340, 0x0000019c644c05f8]
Event: 2.636 Thread 0x0000019c751576a0 2911       1       java.lang.invoke.InvokerBytecodeGenerator::setClassWriter (6 bytes)
Event: 2.637 Thread 0x0000019c751576a0 nmethod 2911 0x0000019c6bb49c10 code [0x0000019c6bb49da0, 0x0000019c6bb49e78]
Event: 2.637 Thread 0x0000019c751576a0 2912       2       jdk.internal.org.objectweb.asm.AnnotationVisitor::<init> (88 bytes)
Event: 2.637 Thread 0x0000019c751576a0 nmethod 2912 0x0000019c644c0810 code [0x0000019c644c0a00, 0x0000019c644c0dc8]
Event: 2.637 Thread 0x0000019c751576a0 2913       1       java.lang.Class::getClassData (5 bytes)
Event: 2.637 Thread 0x0000019c751576a0 nmethod 2913 0x0000019c6bb4a510 code [0x0000019c6bb4a6a0, 0x0000019c6bb4a778]
Event: 2.638 Thread 0x0000019c75152720 nmethod 2672 0x0000019c6bb4a810 code [0x0000019c6bb4aa00, 0x0000019c6bb4b808]
Event: 2.638 Thread 0x0000019c75152720 2517       4       java.util.Properties$LineReader::readLine (584 bytes)
Event: 2.638 Thread 0x0000019c751576a0 2916       2       java.lang.Module::canRead (86 bytes)
Event: 2.639 Thread 0x0000019c751576a0 nmethod 2916 0x0000019c644c1010 code [0x0000019c644c12a0, 0x0000019c644c1ae8]
Event: 2.641 Thread 0x0000019c751576a0 2917       1       org.eclipse.core.internal.resources.Workspace::getRoot (5 bytes)
Event: 2.641 Thread 0x0000019c751576a0 nmethod 2917 0x0000019c6bb4c290 code [0x0000019c6bb4c420, 0x0000019c6bb4c4f8]

GC Heap History (18 events):
Event: 0.635 GC heap before
{Heap before GC invocations=1 (full 0):
 PSYoungGen      total 29696K, used 25600K [0x00000000eab00000, 0x00000000ecc00000, 0x0000000100000000)
  eden space 25600K, 100% used [0x00000000eab00000,0x00000000ec400000,0x00000000ec400000)
  from space 4096K, 0% used [0x00000000ec800000,0x00000000ec800000,0x00000000ecc00000)
  to   space 4096K, 0% used [0x00000000ec400000,0x00000000ec400000,0x00000000ec800000)
 ParOldGen       total 68608K, used 0K [0x00000000c0000000, 0x00000000c4300000, 0x00000000eab00000)
  object space 68608K, 0% used [0x00000000c0000000,0x00000000c0000000,0x00000000c4300000)
 Metaspace       used 10937K, committed 11072K, reserved 1114112K
  class space    used 1087K, committed 1152K, reserved 1048576K
}
Event: 0.640 GC heap after
{Heap after GC invocations=1 (full 0):
 PSYoungGen      total 29696K, used 3173K [0x00000000eab00000, 0x00000000ecc00000, 0x0000000100000000)
  eden space 25600K, 0% used [0x00000000eab00000,0x00000000eab00000,0x00000000ec400000)
  from space 4096K, 77% used [0x00000000ec400000,0x00000000ec719508,0x00000000ec800000)
  to   space 4096K, 0% used [0x00000000ec800000,0x00000000ec800000,0x00000000ecc00000)
 ParOldGen       total 68608K, used 16K [0x00000000c0000000, 0x00000000c4300000, 0x00000000eab00000)
  object space 68608K, 0% used [0x00000000c0000000,0x00000000c0004000,0x00000000c4300000)
 Metaspace       used 10937K, committed 11072K, reserved 1114112K
  class space    used 1087K, committed 1152K, reserved 1048576K
}
Event: 1.198 GC heap before
{Heap before GC invocations=2 (full 0):
 PSYoungGen      total 29696K, used 28773K [0x00000000eab00000, 0x00000000ecc00000, 0x0000000100000000)
  eden space 25600K, 100% used [0x00000000eab00000,0x00000000ec400000,0x00000000ec400000)
  from space 4096K, 77% used [0x00000000ec400000,0x00000000ec719508,0x00000000ec800000)
  to   space 4096K, 0% used [0x00000000ec800000,0x00000000ec800000,0x00000000ecc00000)
 ParOldGen       total 68608K, used 16K [0x00000000c0000000, 0x00000000c4300000, 0x00000000eab00000)
  object space 68608K, 0% used [0x00000000c0000000,0x00000000c0004000,0x00000000c4300000)
 Metaspace       used 14616K, committed 14848K, reserved 1114112K
  class space    used 1487K, committed 1600K, reserved 1048576K
}
Event: 1.203 GC heap after
{Heap after GC invocations=2 (full 0):
 PSYoungGen      total 29696K, used 4074K [0x00000000eab00000, 0x00000000ecc00000, 0x0000000100000000)
  eden space 25600K, 0% used [0x00000000eab00000,0x00000000eab00000,0x00000000ec400000)
  from space 4096K, 99% used [0x00000000ec800000,0x00000000ecbfa9a8,0x00000000ecc00000)
  to   space 4096K, 0% used [0x00000000ec400000,0x00000000ec400000,0x00000000ec800000)
 ParOldGen       total 68608K, used 837K [0x00000000c0000000, 0x00000000c4300000, 0x00000000eab00000)
  object space 68608K, 1% used [0x00000000c0000000,0x00000000c00d1628,0x00000000c4300000)
 Metaspace       used 14616K, committed 14848K, reserved 1114112K
  class space    used 1487K, committed 1600K, reserved 1048576K
}
Event: 1.649 GC heap before
{Heap before GC invocations=3 (full 0):
 PSYoungGen      total 29696K, used 29674K [0x00000000eab00000, 0x00000000ecc00000, 0x0000000100000000)
  eden space 25600K, 100% used [0x00000000eab00000,0x00000000ec400000,0x00000000ec400000)
  from space 4096K, 99% used [0x00000000ec800000,0x00000000ecbfa9a8,0x00000000ecc00000)
  to   space 4096K, 0% used [0x00000000ec400000,0x00000000ec400000,0x00000000ec800000)
 ParOldGen       total 68608K, used 837K [0x00000000c0000000, 0x00000000c4300000, 0x00000000eab00000)
  object space 68608K, 1% used [0x00000000c0000000,0x00000000c00d1628,0x00000000c4300000)
 Metaspace       used 19696K, committed 20096K, reserved 1114112K
  class space    used 2017K, committed 2176K, reserved 1048576K
}
Event: 1.653 GC heap after
{Heap after GC invocations=3 (full 0):
 PSYoungGen      total 29696K, used 4076K [0x00000000eab00000, 0x00000000ecc00000, 0x0000000100000000)
  eden space 25600K, 0% used [0x00000000eab00000,0x00000000eab00000,0x00000000ec400000)
  from space 4096K, 99% used [0x00000000ec400000,0x00000000ec7fb098,0x00000000ec800000)
  to   space 4096K, 0% used [0x00000000ec800000,0x00000000ec800000,0x00000000ecc00000)
 ParOldGen       total 68608K, used 2604K [0x00000000c0000000, 0x00000000c4300000, 0x00000000eab00000)
  object space 68608K, 3% used [0x00000000c0000000,0x00000000c028b0f8,0x00000000c4300000)
 Metaspace       used 19696K, committed 20096K, reserved 1114112K
  class space    used 2017K, committed 2176K, reserved 1048576K
}
Event: 1.736 GC heap before
{Heap before GC invocations=4 (full 0):
 PSYoungGen      total 29696K, used 10988K [0x00000000eab00000, 0x00000000ecc00000, 0x0000000100000000)
  eden space 25600K, 27% used [0x00000000eab00000,0x00000000eb1c01b0,0x00000000ec400000)
  from space 4096K, 99% used [0x00000000ec400000,0x00000000ec7fb098,0x00000000ec800000)
  to   space 4096K, 0% used [0x00000000ec800000,0x00000000ec800000,0x00000000ecc00000)
 ParOldGen       total 68608K, used 2604K [0x00000000c0000000, 0x00000000c4300000, 0x00000000eab00000)
  object space 68608K, 3% used [0x00000000c0000000,0x00000000c028b0f8,0x00000000c4300000)
 Metaspace       used 21062K, committed 21504K, reserved 1114112K
  class space    used 2157K, committed 2368K, reserved 1048576K
}
Event: 1.738 GC heap after
{Heap after GC invocations=4 (full 0):
 PSYoungGen      total 29696K, used 4086K [0x00000000eab00000, 0x00000000ecc00000, 0x0000000100000000)
  eden space 25600K, 0% used [0x00000000eab00000,0x00000000eab00000,0x00000000ec400000)
  from space 4096K, 99% used [0x00000000ec800000,0x00000000ecbfdac0,0x00000000ecc00000)
  to   space 4096K, 0% used [0x00000000ec400000,0x00000000ec400000,0x00000000ec800000)
 ParOldGen       total 68608K, used 3036K [0x00000000c0000000, 0x00000000c4300000, 0x00000000eab00000)
  object space 68608K, 4% used [0x00000000c0000000,0x00000000c02f70f8,0x00000000c4300000)
 Metaspace       used 21062K, committed 21504K, reserved 1114112K
  class space    used 2157K, committed 2368K, reserved 1048576K
}
Event: 1.738 GC heap before
{Heap before GC invocations=5 (full 1):
 PSYoungGen      total 29696K, used 4086K [0x00000000eab00000, 0x00000000ecc00000, 0x0000000100000000)
  eden space 25600K, 0% used [0x00000000eab00000,0x00000000eab00000,0x00000000ec400000)
  from space 4096K, 99% used [0x00000000ec800000,0x00000000ecbfdac0,0x00000000ecc00000)
  to   space 4096K, 0% used [0x00000000ec400000,0x00000000ec400000,0x00000000ec800000)
 ParOldGen       total 68608K, used 3036K [0x00000000c0000000, 0x00000000c4300000, 0x00000000eab00000)
  object space 68608K, 4% used [0x00000000c0000000,0x00000000c02f70f8,0x00000000c4300000)
 Metaspace       used 21062K, committed 21504K, reserved 1114112K
  class space    used 2157K, committed 2368K, reserved 1048576K
}
Event: 1.755 GC heap after
{Heap after GC invocations=5 (full 1):
 PSYoungGen      total 29696K, used 0K [0x00000000eab00000, 0x00000000ecc00000, 0x0000000100000000)
  eden space 25600K, 0% used [0x00000000eab00000,0x00000000eab00000,0x00000000ec400000)
  from space 4096K, 0% used [0x00000000ec800000,0x00000000ec800000,0x00000000ecc00000)
  to   space 4096K, 0% used [0x00000000ec400000,0x00000000ec400000,0x00000000ec800000)
 ParOldGen       total 68608K, used 6959K [0x00000000c0000000, 0x00000000c4300000, 0x00000000eab00000)
  object space 68608K, 10% used [0x00000000c0000000,0x00000000c06cbda8,0x00000000c4300000)
 Metaspace       used 21048K, committed 21504K, reserved 1114112K
  class space    used 2154K, committed 2368K, reserved 1048576K
}
Event: 2.051 GC heap before
{Heap before GC invocations=6 (full 1):
 PSYoungGen      total 29696K, used 25591K [0x00000000eab00000, 0x00000000ecc00000, 0x0000000100000000)
  eden space 25600K, 99% used [0x00000000eab00000,0x00000000ec3fdcd8,0x00000000ec400000)
  from space 4096K, 0% used [0x00000000ec800000,0x00000000ec800000,0x00000000ecc00000)
  to   space 4096K, 0% used [0x00000000ec400000,0x00000000ec400000,0x00000000ec800000)
 ParOldGen       total 68608K, used 6959K [0x00000000c0000000, 0x00000000c4300000, 0x00000000eab00000)
  object space 68608K, 10% used [0x00000000c0000000,0x00000000c06cbda8,0x00000000c4300000)
 Metaspace       used 24140K, committed 24704K, reserved 1114112K
  class space    used 2471K, committed 2752K, reserved 1048576K
}
Event: 2.052 GC heap after
{Heap after GC invocations=6 (full 1):
 PSYoungGen      total 28160K, used 2669K [0x00000000eab00000, 0x00000000eca80000, 0x0000000100000000)
  eden space 25088K, 0% used [0x00000000eab00000,0x00000000eab00000,0x00000000ec380000)
  from space 3072K, 86% used [0x00000000ec400000,0x00000000ec69b728,0x00000000ec700000)
  to   space 3584K, 0% used [0x00000000ec700000,0x00000000ec700000,0x00000000eca80000)
 ParOldGen       total 68608K, used 6967K [0x00000000c0000000, 0x00000000c4300000, 0x00000000eab00000)
  object space 68608K, 10% used [0x00000000c0000000,0x00000000c06cdda8,0x00000000c4300000)
 Metaspace       used 24140K, committed 24704K, reserved 1114112K
  class space    used 2471K, committed 2752K, reserved 1048576K
}
Event: 2.258 GC heap before
{Heap before GC invocations=7 (full 1):
 PSYoungGen      total 28160K, used 27453K [0x00000000eab00000, 0x00000000eca80000, 0x0000000100000000)
  eden space 25088K, 98% used [0x00000000eab00000,0x00000000ec333d48,0x00000000ec380000)
  from space 3072K, 86% used [0x00000000ec400000,0x00000000ec69b728,0x00000000ec700000)
  to   space 3584K, 0% used [0x00000000ec700000,0x00000000ec700000,0x00000000eca80000)
 ParOldGen       total 68608K, used 6967K [0x00000000c0000000, 0x00000000c4300000, 0x00000000eab00000)
  object space 68608K, 10% used [0x00000000c0000000,0x00000000c06cdda8,0x00000000c4300000)
 Metaspace       used 28233K, committed 28800K, reserved 1114112K
  class space    used 2776K, committed 3072K, reserved 1048576K
}
Event: 2.259 GC heap after
{Heap after GC invocations=7 (full 1):
 PSYoungGen      total 27136K, used 2183K [0x00000000eab00000, 0x00000000ec980000, 0x0000000100000000)
  eden space 24576K, 0% used [0x00000000eab00000,0x00000000eab00000,0x00000000ec300000)
  from space 2560K, 85% used [0x00000000ec700000,0x00000000ec921ee0,0x00000000ec980000)
  to   space 2560K, 0% used [0x00000000ec480000,0x00000000ec480000,0x00000000ec700000)
 ParOldGen       total 68608K, used 6967K [0x00000000c0000000, 0x00000000c4300000, 0x00000000eab00000)
  object space 68608K, 10% used [0x00000000c0000000,0x00000000c06cdda8,0x00000000c4300000)
 Metaspace       used 28233K, committed 28800K, reserved 1114112K
  class space    used 2776K, committed 3072K, reserved 1048576K
}
Event: 2.413 GC heap before
{Heap before GC invocations=8 (full 1):
 PSYoungGen      total 27136K, used 26759K [0x00000000eab00000, 0x00000000ec980000, 0x0000000100000000)
  eden space 24576K, 100% used [0x00000000eab00000,0x00000000ec300000,0x00000000ec300000)
  from space 2560K, 85% used [0x00000000ec700000,0x00000000ec921ee0,0x00000000ec980000)
  to   space 2560K, 0% used [0x00000000ec480000,0x00000000ec480000,0x00000000ec700000)
 ParOldGen       total 68608K, used 6967K [0x00000000c0000000, 0x00000000c4300000, 0x00000000eab00000)
  object space 68608K, 10% used [0x00000000c0000000,0x00000000c06cdda8,0x00000000c4300000)
 Metaspace       used 30301K, committed 30848K, reserved 1114112K
  class space    used 2943K, committed 3200K, reserved 1048576K
}
Event: 2.415 GC heap after
{Heap after GC invocations=8 (full 1):
 PSYoungGen      total 26624K, used 2554K [0x00000000eab00000, 0x00000000ecb80000, 0x0000000100000000)
  eden space 24064K, 0% used [0x00000000eab00000,0x00000000eab00000,0x00000000ec280000)
  from space 2560K, 99% used [0x00000000ec480000,0x00000000ec6fe888,0x00000000ec700000)
  to   space 4608K, 0% used [0x00000000ec700000,0x00000000ec700000,0x00000000ecb80000)
 ParOldGen       total 68608K, used 8418K [0x00000000c0000000, 0x00000000c4300000, 0x00000000eab00000)
  object space 68608K, 12% used [0x00000000c0000000,0x00000000c0838a00,0x00000000c4300000)
 Metaspace       used 30301K, committed 30848K, reserved 1114112K
  class space    used 2943K, committed 3200K, reserved 1048576K
}
Event: 2.610 GC heap before
{Heap before GC invocations=9 (full 1):
 PSYoungGen      total 26624K, used 26618K [0x00000000eab00000, 0x00000000ecb80000, 0x0000000100000000)
  eden space 24064K, 100% used [0x00000000eab00000,0x00000000ec280000,0x00000000ec280000)
  from space 2560K, 99% used [0x00000000ec480000,0x00000000ec6fe888,0x00000000ec700000)
  to   space 4608K, 0% used [0x00000000ec700000,0x00000000ec700000,0x00000000ecb80000)
 ParOldGen       total 68608K, used 8418K [0x00000000c0000000, 0x00000000c4300000, 0x00000000eab00000)
  object space 68608K, 12% used [0x00000000c0000000,0x00000000c0838a00,0x00000000c4300000)
 Metaspace       used 34166K, committed 34880K, reserved 1114112K
  class space    used 3402K, committed 3712K, reserved 1048576K
}
Event: 2.612 GC heap after
{Heap after GC invocations=9 (full 1):
 PSYoungGen      total 27648K, used 3911K [0x00000000eab00000, 0x00000000ecb00000, 0x0000000100000000)
  eden space 23552K, 0% used [0x00000000eab00000,0x00000000eab00000,0x00000000ec200000)
  from space 4096K, 95% used [0x00000000ec700000,0x00000000ecad1fb8,0x00000000ecb00000)
  to   space 4096K, 0% used [0x00000000ec300000,0x00000000ec300000,0x00000000ec700000)
 ParOldGen       total 68608K, used 8426K [0x00000000c0000000, 0x00000000c4300000, 0x00000000eab00000)
  object space 68608K, 12% used [0x00000000c0000000,0x00000000c083aa00,0x00000000c4300000)
 Metaspace       used 34166K, committed 34880K, reserved 1114112K
  class space    used 3402K, committed 3712K, reserved 1048576K
}

Dll operation events (10 events):
Event: 0.009 Loaded shared library c:\Users\knare\.vscode\extensions\redhat.java-1.38.0-win32-x64\jre\17.0.13-win32-x86_64\bin\java.dll
Event: 0.143 Loaded shared library c:\Users\knare\.vscode\extensions\redhat.java-1.38.0-win32-x64\jre\17.0.13-win32-x86_64\bin\zip.dll
Event: 0.146 Loaded shared library C:\Users\knare\.vscode\extensions\redhat.java-1.38.0-win32-x64\jre\17.0.13-win32-x86_64\bin\instrument.dll
Event: 0.158 Loaded shared library C:\Users\knare\.vscode\extensions\redhat.java-1.38.0-win32-x64\jre\17.0.13-win32-x86_64\bin\net.dll
Event: 0.159 Loaded shared library C:\Users\knare\.vscode\extensions\redhat.java-1.38.0-win32-x64\jre\17.0.13-win32-x86_64\bin\nio.dll
Event: 0.167 Loaded shared library C:\Users\knare\.vscode\extensions\redhat.java-1.38.0-win32-x64\jre\17.0.13-win32-x86_64\bin\zip.dll
Event: 0.180 Loaded shared library C:\Users\knare\.vscode\extensions\redhat.java-1.38.0-win32-x64\jre\17.0.13-win32-x86_64\bin\jimage.dll
Event: 0.234 Loaded shared library c:\Users\knare\.vscode\extensions\redhat.java-1.38.0-win32-x64\jre\17.0.13-win32-x86_64\bin\verify.dll
Event: 1.085 Loaded shared library C:\Users\knare\AppData\Roaming\Code\User\globalStorage\redhat.java\1.38.0\config_ss_win\org.eclipse.equinox.launcher\org.eclipse.equinox.launcher.win32.win32.x86_64_1.2.1100.v20240722-2106\eclipse_11904.dll
Event: 1.882 Loaded shared library C:\Users\knare\AppData\Local\Temp\jna-102190609\jna141902604598156244.dll

Deoptimization events (20 events):
Event: 2.393 Thread 0x0000019c7ba26790 DEOPT PACKING pc=0x0000019c6ba4fe8c sp=0x00000001b88fe2e0
Event: 2.393 Thread 0x0000019c7ba26790 DEOPT UNPACKING pc=0x0000019c6b4e9ea3 sp=0x00000001b88fe260 mode 2
Event: 2.395 Thread 0x0000019c7ba26790 Uncommon trap: trap_request=0xffffffc6 fr.pc=0x0000019c6bab92f4 relative=0x0000000000000954
Event: 2.395 Thread 0x0000019c7ba26790 Uncommon trap: reason=bimorphic_or_optimized_type_check action=maybe_recompile pc=0x0000019c6bab92f4 method=java.util.HashMap.putVal(ILjava/lang/Object;Ljava/lang/Object;ZZ)Ljava/lang/Object; @ 56 c2
Event: 2.395 Thread 0x0000019c7ba26790 DEOPT PACKING pc=0x0000019c6bab92f4 sp=0x00000001b88fd9f0
Event: 2.395 Thread 0x0000019c7ba26790 DEOPT UNPACKING pc=0x0000019c6b4e9ea3 sp=0x00000001b88fd948 mode 2
Event: 2.437 Thread 0x0000019c7ba26790 DEOPT PACKING pc=0x0000019c6403e50e sp=0x00000001b88fd5c0
Event: 2.437 Thread 0x0000019c7ba26790 DEOPT UNPACKING pc=0x0000019c6b4ea9e3 sp=0x00000001b88fcab8 mode 0
Event: 2.512 Thread 0x0000019c7ba26790 Uncommon trap: trap_request=0xffffff45 fr.pc=0x0000019c6bafaa50 relative=0x0000000000000af0
Event: 2.512 Thread 0x0000019c7ba26790 Uncommon trap: reason=unstable_if action=reinterpret pc=0x0000019c6bafaa50 method=jdk.internal.org.objectweb.asm.SymbolTable.put(Ljdk/internal/org/objectweb/asm/SymbolTable$Entry;)Ljdk/internal/org/objectweb/asm/SymbolTable$Entry; @ 13 c2
Event: 2.512 Thread 0x0000019c7ba26790 DEOPT PACKING pc=0x0000019c6bafaa50 sp=0x00000001b88fbe30
Event: 2.512 Thread 0x0000019c7ba26790 DEOPT UNPACKING pc=0x0000019c6b4e9ea3 sp=0x00000001b88fbd78 mode 2
Event: 2.536 Thread 0x0000019c7beef5f0 DEOPT PACKING pc=0x0000019c6403e50e sp=0x00000001b8efbd00
Event: 2.536 Thread 0x0000019c7beef5f0 DEOPT UNPACKING pc=0x0000019c6b4ea9e3 sp=0x00000001b8efb1f8 mode 0
Event: 2.542 Thread 0x0000019c7beef5f0 DEOPT PACKING pc=0x0000019c642c0417 sp=0x00000001b8efc4d0
Event: 2.542 Thread 0x0000019c7beef5f0 DEOPT UNPACKING pc=0x0000019c6b4ea9e3 sp=0x00000001b8efb9e0 mode 0
Event: 2.560 Thread 0x0000019c7beef5f0 DEOPT PACKING pc=0x0000019c6403e50e sp=0x00000001b8efde80
Event: 2.560 Thread 0x0000019c7beef5f0 DEOPT UNPACKING pc=0x0000019c6b4ea9e3 sp=0x00000001b8efd378 mode 0
Event: 2.561 Thread 0x0000019c7beef5f0 DEOPT PACKING pc=0x0000019c6403e50e sp=0x00000001b8efde80
Event: 2.561 Thread 0x0000019c7beef5f0 DEOPT UNPACKING pc=0x0000019c6b4ea9e3 sp=0x00000001b8efd378 mode 0

Classes loaded (20 events):
Event: 2.582 Loading class java/io/DataOutputStream
Event: 2.582 Loading class java/io/DataOutputStream done
Event: 2.593 Loading class sun/reflect/generics/tree/BottomSignature
Event: 2.593 Loading class sun/reflect/generics/tree/BottomSignature done
Event: 2.593 Loading class sun/reflect/generics/tree/Wildcard
Event: 2.593 Loading class sun/reflect/generics/tree/Wildcard done
Event: 2.594 Loading class sun/reflect/generics/reflectiveObjects/WildcardTypeImpl
Event: 2.594 Loading class java/lang/reflect/WildcardType
Event: 2.594 Loading class java/lang/reflect/WildcardType done
Event: 2.594 Loading class sun/reflect/generics/reflectiveObjects/WildcardTypeImpl done
Event: 2.626 Loading class sun/nio/cs/ThreadLocalCoders
Event: 2.626 Loading class sun/nio/cs/ThreadLocalCoders done
Event: 2.626 Loading class sun/nio/cs/ThreadLocalCoders$1
Event: 2.626 Loading class sun/nio/cs/ThreadLocalCoders$Cache
Event: 2.626 Loading class sun/nio/cs/ThreadLocalCoders$Cache done
Event: 2.626 Loading class sun/nio/cs/ThreadLocalCoders$1 done
Event: 2.626 Loading class sun/nio/cs/ThreadLocalCoders$2
Event: 2.626 Loading class sun/nio/cs/ThreadLocalCoders$2 done
Event: 2.642 Loading class java/math/BigDecimal
Event: 2.643 Loading class java/math/BigDecimal done

Classes unloaded (7 events):
Event: 1.741 Thread 0x0000019c6137e7a0 Unloading class 0x0000000100218000 'java/lang/invoke/LambdaForm$MH+0x0000000100218000'
Event: 1.741 Thread 0x0000019c6137e7a0 Unloading class 0x0000000100217c00 'java/lang/invoke/LambdaForm$MH+0x0000000100217c00'
Event: 1.741 Thread 0x0000019c6137e7a0 Unloading class 0x0000000100217800 'java/lang/invoke/LambdaForm$MH+0x0000000100217800'
Event: 1.741 Thread 0x0000019c6137e7a0 Unloading class 0x0000000100217400 'java/lang/invoke/LambdaForm$MH+0x0000000100217400'
Event: 1.741 Thread 0x0000019c6137e7a0 Unloading class 0x0000000100217000 'java/lang/invoke/LambdaForm$BMH+0x0000000100217000'
Event: 1.741 Thread 0x0000019c6137e7a0 Unloading class 0x0000000100216c00 'java/lang/invoke/LambdaForm$DMH+0x0000000100216c00'
Event: 1.741 Thread 0x0000019c6137e7a0 Unloading class 0x0000000100214000 'java/lang/invoke/LambdaForm$DMH+0x0000000100214000'

Classes redefined (0 events):
No events

Internal exceptions (20 events):
Event: 2.571 Thread 0x0000019c7beef5f0 Exception <a 'sun/nio/fs/WindowsException'{0x00000000ebbd9070}> (0x00000000ebbd9070) 
thrown [s\src\hotspot\share\prims\jni.cpp, line 516]
Event: 2.571 Thread 0x0000019c7beef5f0 Exception <a 'sun/nio/fs/WindowsException'{0x00000000ebbd98d0}> (0x00000000ebbd98d0) 
thrown [s\src\hotspot\share\prims\jni.cpp, line 516]
Event: 2.573 Thread 0x0000019c7beef5f0 Exception <a 'sun/nio/fs/WindowsException'{0x00000000ebc13c08}> (0x00000000ebc13c08) 
thrown [s\src\hotspot\share\prims\jni.cpp, line 516]
Event: 2.573 Thread 0x0000019c7beef5f0 Exception <a 'sun/nio/fs/WindowsException'{0x00000000ebc14468}> (0x00000000ebc14468) 
thrown [s\src\hotspot\share\prims\jni.cpp, line 516]
Event: 2.573 Thread 0x0000019c7beef5f0 Exception <a 'sun/nio/fs/WindowsException'{0x00000000ebc15a88}> (0x00000000ebc15a88) 
thrown [s\src\hotspot\share\prims\jni.cpp, line 516]
Event: 2.573 Thread 0x0000019c7beef5f0 Exception <a 'sun/nio/fs/WindowsException'{0x00000000ebc160c0}> (0x00000000ebc160c0) 
thrown [s\src\hotspot\share\prims\jni.cpp, line 516]
Event: 2.573 Thread 0x0000019c7beef5f0 Exception <a 'sun/nio/fs/WindowsException'{0x00000000ebc2a678}> (0x00000000ebc2a678) 
thrown [s\src\hotspot\share\prims\jni.cpp, line 516]
Event: 2.573 Thread 0x0000019c7beef5f0 Exception <a 'sun/nio/fs/WindowsException'{0x00000000ebc2acb0}> (0x00000000ebc2acb0) 
thrown [s\src\hotspot\share\prims\jni.cpp, line 516]
Event: 2.573 Thread 0x0000019c7beef5f0 Exception <a 'sun/nio/fs/WindowsException'{0x00000000ebc2b648}> (0x00000000ebc2b648) 
thrown [s\src\hotspot\share\prims\jni.cpp, line 516]
Event: 2.573 Thread 0x0000019c7beef5f0 Exception <a 'sun/nio/fs/WindowsException'{0x00000000ebc2bc80}> (0x00000000ebc2bc80) 
thrown [s\src\hotspot\share\prims\jni.cpp, line 516]
Event: 2.574 Thread 0x0000019c7beef5f0 Exception <a 'sun/nio/fs/WindowsException'{0x00000000ebc2d1b8}> (0x00000000ebc2d1b8) 
thrown [s\src\hotspot\share\prims\jni.cpp, line 516]
Event: 2.574 Thread 0x0000019c7beef5f0 Exception <a 'sun/nio/fs/WindowsException'{0x00000000ebc2d7f0}> (0x00000000ebc2d7f0) 
thrown [s\src\hotspot\share\prims\jni.cpp, line 516]
Event: 2.575 Thread 0x0000019c7beef5f0 Exception <a 'java/lang/NoSuchMethodError'{0x00000000ebc68ea0}: 'void java.lang.invoke.DirectMethodHandle$Holder.invokeVirtual(java.lang.Object, java.lang.Object, java.lang.Object, java.lang.Object)'> (0x00000000ebc68ea0) 
thrown [s\src\hotspot\share\interpreter\linkResolver.cpp, line 759]
Event: 2.578 Thread 0x0000019c612e3160 Exception <a 'java/lang/NoSuchMethodError'{0x00000000ebcde5c8}: 'void java.lang.invoke.DirectMethodHandle$Holder.invokeStatic(java.lang.Object, java.lang.Object, java.lang.Object, java.lang.Object)'> (0x00000000ebcde5c8) 
thrown [s\src\hotspot\share\interpreter\linkResolver.cpp, line 759]
Event: 2.635 Thread 0x0000019c7beef5f0 Exception <a 'java/io/FileNotFoundException'{0x00000000ead79c88}> (0x00000000ead79c88) 
thrown [s\src\hotspot\share\prims\jni.cpp, line 516]
Event: 2.635 Thread 0x0000019c7beef5f0 Exception <a 'java/io/FileNotFoundException'{0x00000000ead7af08}> (0x00000000ead7af08) 
thrown [s\src\hotspot\share\prims\jni.cpp, line 516]
Event: 2.636 Thread 0x0000019c7beef5f0 Exception <a 'java/lang/NoSuchMethodError'{0x00000000eadbb420}: 'java.lang.Object java.lang.invoke.DirectMethodHandle$Holder.newInvokeSpecial(java.lang.Object, java.lang.Object, java.lang.Object, int)'> (0x00000000eadbb420) 
thrown [s\src\hotspot\share\interpreter\linkResolver.cpp, line 759]
Event: 2.637 Thread 0x0000019c7beef5f0 Exception <a 'java/lang/NoSuchMethodError'{0x00000000eadf11d0}: 'java.lang.Object java.lang.invoke.DirectMethodHandle$Holder.invokeSpecial(java.lang.Object, java.lang.Object, java.lang.Object, java.lang.Object, int)'> (0x00000000eadf11d0) 
thrown [s\src\hotspot\share\interpreter\linkResolver.cpp, line 759]
Event: 2.637 Thread 0x0000019c7beef5f0 Exception <a 'java/lang/NoSuchMethodError'{0x00000000eadf48d8}: 'java.lang.Object java.lang.invoke.Invokers$Holder.linkToTargetMethod(java.lang.Object, java.lang.Object, int, java.lang.Object)'> (0x00000000eadf48d8) 
thrown [s\src\hotspot\share\interpreter\linkResolver.cpp, line 759]
Event: 2.638 Thread 0x0000019c7beef5f0 Exception <a 'java/lang/NoSuchMethodError'{0x00000000eae00298}: 'void java.lang.invoke.DirectMethodHandle$Holder.invokeStaticInit(java.lang.Object, java.lang.Object, java.lang.Object)'> (0x00000000eae00298) 
thrown [s\src\hotspot\share\interpreter\linkResolver.cpp, line 759]

VM Operations (20 events):
Event: 2.051 Executing VM operation: ParallelGCFailedAllocation
Event: 2.052 Executing VM operation: ParallelGCFailedAllocation done
Event: 2.258 Executing VM operation: ParallelGCFailedAllocation
Event: 2.259 Executing VM operation: ParallelGCFailedAllocation done
Event: 2.340 Executing VM operation: HandshakeAllThreads
Event: 2.340 Executing VM operation: HandshakeAllThreads done
Event: 2.393 Executing VM operation: HandshakeAllThreads
Event: 2.393 Executing VM operation: HandshakeAllThreads done
Event: 2.394 Executing VM operation: HandshakeAllThreads
Event: 2.394 Executing VM operation: HandshakeAllThreads done
Event: 2.410 Executing VM operation: HandshakeAllThreads
Event: 2.410 Executing VM operation: HandshakeAllThreads done
Event: 2.411 Executing VM operation: HandshakeAllThreads
Event: 2.411 Executing VM operation: HandshakeAllThreads done
Event: 2.413 Executing VM operation: ParallelGCFailedAllocation
Event: 2.415 Executing VM operation: ParallelGCFailedAllocation done
Event: 2.469 Executing VM operation: HandshakeAllThreads
Event: 2.470 Executing VM operation: HandshakeAllThreads done
Event: 2.610 Executing VM operation: ParallelGCFailedAllocation
Event: 2.612 Executing VM operation: ParallelGCFailedAllocation done

Memory protections (0 events):
No events

Nmethod flushes (0 events):
No events

Events (20 events):
Event: 1.306 Thread 0x0000019c7ba26790 Thread added: 0x0000019c7ba458c0
Event: 1.522 Thread 0x0000019c7ba26790 Thread added: 0x0000019c7beee6c0
Event: 1.884 Thread 0x0000019c7b7a3830 Thread exited: 0x0000019c7b7a3830
Event: 1.895 Thread 0x0000019c7ba26790 Thread added: 0x0000019c7beeebd0
Event: 1.917 Thread 0x0000019c7ba26790 Thread added: 0x0000019c7beef0e0
Event: 1.947 Thread 0x0000019c7ba26790 Thread added: 0x0000019c7beef5f0
Event: 2.371 Thread 0x0000019c7ba26790 Thread added: 0x0000019c7beebe40
Event: 2.398 Thread 0x0000019c7beebe40 Thread exited: 0x0000019c7beebe40
Event: 2.548 Thread 0x0000019c612e3160 Thread added: 0x0000019c7beebe40
Event: 2.548 Thread 0x0000019c612e3160 Thread added: 0x0000019c7beec350
Event: 2.548 Thread 0x0000019c612e3160 Thread added: 0x0000019c7beec860
Event: 2.548 Thread 0x0000019c612e3160 Thread added: 0x0000019c7beecd70
Event: 2.548 Thread 0x0000019c612e3160 Thread added: 0x0000019c7beed280
Event: 2.548 Thread 0x0000019c612e3160 Thread added: 0x0000019c7beed790
Event: 2.548 Thread 0x0000019c612e3160 Thread added: 0x0000019c7beedca0
Event: 2.548 Thread 0x0000019c612e3160 Thread added: 0x0000019c7beee1b0
Event: 2.548 Thread 0x0000019c612e3160 Thread added: 0x0000019c7c2f7d70
Event: 2.564 Thread 0x0000019c612e3160 Thread added: 0x0000019c7c2f54f0
Event: 2.641 Thread 0x0000019c7beef0e0 Thread added: 0x0000019c7c2f7350
Event: 2.642 Thread 0x0000019c7c2f7350 Thread added: 0x0000019c7c2f8280


Dynamic libraries:
0x00007ff756a30000 - 0x00007ff756a3e000 	c:\Users\knare\.vscode\extensions\redhat.java-1.38.0-win32-x64\jre\17.0.13-win32-x86_64\bin\java.exe
0x00007ffb4e7f0000 - 0x00007ffb4ea07000 	C:\WINDOWS\SYSTEM32\ntdll.dll
0x00007ffb4d920000 - 0x00007ffb4d9e4000 	C:\WINDOWS\System32\KERNEL32.DLL
0x00007ffb4be70000 - 0x00007ffb4c22a000 	C:\WINDOWS\System32\KERNELBASE.dll
0x00007ffb47ef0000 - 0x00007ffb47f87000 	C:\WINDOWS\SYSTEM32\apphelp.dll
0x00007ffb4bb80000 - 0x00007ffb4bc91000 	C:\WINDOWS\System32\ucrtbase.dll
0x00007ffb2f1e0000 - 0x00007ffb2f1f7000 	c:\Users\knare\.vscode\extensions\redhat.java-1.38.0-win32-x64\jre\17.0.13-win32-x86_64\bin\jli.dll
0x00007ffb2f1c0000 - 0x00007ffb2f1de000 	c:\Users\knare\.vscode\extensions\redhat.java-1.38.0-win32-x64\jre\17.0.13-win32-x86_64\bin\VCRUNTIME140.dll
0x00007ffb4da80000 - 0x00007ffb4dc2e000 	C:\WINDOWS\System32\USER32.dll
0x00007ffb2fe70000 - 0x00007ffb30102000 	C:\WINDOWS\WinSxS\amd64_microsoft.windows.common-controls_6595b64144ccf1df_6.0.22621.4541_none_2710d1c57384c085\COMCTL32.dll
0x00007ffb4c4c0000 - 0x00007ffb4c4e6000 	C:\WINDOWS\System32\win32u.dll
0x00007ffb4d2f0000 - 0x00007ffb4d397000 	C:\WINDOWS\System32\msvcrt.dll
0x00007ffb4ca00000 - 0x00007ffb4ca29000 	C:\WINDOWS\System32\GDI32.dll
0x00007ffb4c230000 - 0x00007ffb4c34b000 	C:\WINDOWS\System32\gdi32full.dll
0x00007ffb4bca0000 - 0x00007ffb4bd3a000 	C:\WINDOWS\System32\msvcp_win.dll
0x00007ffb4ca30000 - 0x00007ffb4ca61000 	C:\WINDOWS\System32\IMM32.DLL
0x00007ffb43930000 - 0x00007ffb4393c000 	c:\Users\knare\.vscode\extensions\redhat.java-1.38.0-win32-x64\jre\17.0.13-win32-x86_64\bin\vcruntime140_1.dll
0x00007ffad7430000 - 0x00007ffad74bd000 	c:\Users\knare\.vscode\extensions\redhat.java-1.38.0-win32-x64\jre\17.0.13-win32-x86_64\bin\msvcp140.dll
0x00007ffa811c0000 - 0x00007ffa81e2b000 	c:\Users\knare\.vscode\extensions\redhat.java-1.38.0-win32-x64\jre\17.0.13-win32-x86_64\bin\server\jvm.dll
0x00007ffb4c940000 - 0x00007ffb4c9f2000 	C:\WINDOWS\System32\ADVAPI32.dll
0x00007ffb4dc30000 - 0x00007ffb4dcd7000 	C:\WINDOWS\System32\sechost.dll
0x00007ffb4bd40000 - 0x00007ffb4bd68000 	C:\WINDOWS\System32\bcrypt.dll
0x00007ffb4c7b0000 - 0x00007ffb4c8c4000 	C:\WINDOWS\System32\RPCRT4.dll
0x00007ffb4da00000 - 0x00007ffb4da71000 	C:\WINDOWS\System32\WS2_32.dll
0x00007ffb4b430000 - 0x00007ffb4b47d000 	C:\WINDOWS\SYSTEM32\POWRPROF.dll
0x00007ffb474f0000 - 0x00007ffb47524000 	C:\WINDOWS\SYSTEM32\WINMM.dll
0x00007ffb43640000 - 0x00007ffb4364a000 	C:\WINDOWS\SYSTEM32\VERSION.dll
0x00007ffb4b370000 - 0x00007ffb4b383000 	C:\WINDOWS\SYSTEM32\UMPDC.dll
0x00007ffb4aac0000 - 0x00007ffb4aad8000 	C:\WINDOWS\SYSTEM32\kernel.appcore.dll
0x00007ffb34330000 - 0x00007ffb3433a000 	c:\Users\knare\.vscode\extensions\redhat.java-1.38.0-win32-x64\jre\17.0.13-win32-x86_64\bin\jimage.dll
0x00007ffb492b0000 - 0x00007ffb494e2000 	C:\WINDOWS\SYSTEM32\DBGHELP.DLL
0x00007ffb4d4d0000 - 0x00007ffb4d85f000 	C:\WINDOWS\System32\combase.dll
0x00007ffb4e2c0000 - 0x00007ffb4e397000 	C:\WINDOWS\System32\OLEAUT32.dll
0x00007ffb474b0000 - 0x00007ffb474e2000 	C:\WINDOWS\SYSTEM32\dbgcore.DLL
0x00007ffb4bdf0000 - 0x00007ffb4be6b000 	C:\WINDOWS\System32\bcryptPrimitives.dll
0x00007ffb327f0000 - 0x00007ffb327fe000 	c:\Users\knare\.vscode\extensions\redhat.java-1.38.0-win32-x64\jre\17.0.13-win32-x86_64\bin\instrument.dll
0x00007ffb291a0000 - 0x00007ffb291c5000 	c:\Users\knare\.vscode\extensions\redhat.java-1.38.0-win32-x64\jre\17.0.13-win32-x86_64\bin\java.dll
0x00007ffb29280000 - 0x00007ffb29298000 	c:\Users\knare\.vscode\extensions\redhat.java-1.38.0-win32-x64\jre\17.0.13-win32-x86_64\bin\zip.dll
0x00007ffb4ca70000 - 0x00007ffb4d2e8000 	C:\WINDOWS\System32\SHELL32.dll
0x00007ffb499b0000 - 0x00007ffb4a2b8000 	C:\WINDOWS\SYSTEM32\windows.storage.dll
0x00007ffb49870000 - 0x00007ffb499af000 	C:\WINDOWS\SYSTEM32\wintypes.dll
0x00007ffb4e1c0000 - 0x00007ffb4e2ba000 	C:\WINDOWS\System32\SHCORE.dll
0x00007ffb4dce0000 - 0x00007ffb4dd3e000 	C:\WINDOWS\System32\shlwapi.dll
0x00007ffb4b9f0000 - 0x00007ffb4ba1b000 	C:\WINDOWS\SYSTEM32\profapi.dll
0x00007ffb27940000 - 0x00007ffb27959000 	C:\Users\knare\.vscode\extensions\redhat.java-1.38.0-win32-x64\jre\17.0.13-win32-x86_64\bin\net.dll
0x00007ffb47f90000 - 0x00007ffb480c6000 	C:\WINDOWS\SYSTEM32\WINHTTP.dll
0x00007ffb4af30000 - 0x00007ffb4af99000 	C:\WINDOWS\system32\mswsock.dll
0x00007ffb27340000 - 0x00007ffb27356000 	C:\Users\knare\.vscode\extensions\redhat.java-1.38.0-win32-x64\jre\17.0.13-win32-x86_64\bin\nio.dll
0x00007ffb32680000 - 0x00007ffb32690000 	c:\Users\knare\.vscode\extensions\redhat.java-1.38.0-win32-x64\jre\17.0.13-win32-x86_64\bin\verify.dll
0x00007ffb11300000 - 0x00007ffb11345000 	C:\Users\knare\AppData\Roaming\Code\User\globalStorage\redhat.java\1.38.0\config_ss_win\org.eclipse.equinox.launcher\org.eclipse.equinox.launcher.win32.win32.x86_64_1.2.1100.v20240722-2106\eclipse_11904.dll
0x00007ffb4e3a0000 - 0x00007ffb4e545000 	C:\WINDOWS\System32\ole32.dll
0x00007ffb4b1d0000 - 0x00007ffb4b1eb000 	C:\WINDOWS\SYSTEM32\CRYPTSP.dll
0x00007ffb4aa20000 - 0x00007ffb4aa55000 	C:\WINDOWS\system32\rsaenh.dll
0x00007ffb4afd0000 - 0x00007ffb4aff8000 	C:\WINDOWS\SYSTEM32\USERENV.dll
0x00007ffb4b140000 - 0x00007ffb4b14c000 	C:\WINDOWS\SYSTEM32\CRYPTBASE.dll
0x00007ffb4a520000 - 0x00007ffb4a54d000 	C:\WINDOWS\SYSTEM32\IPHLPAPI.DLL
0x00007ffb4d860000 - 0x00007ffb4d869000 	C:\WINDOWS\System32\NSI.dll
0x00007ffb47cb0000 - 0x00007ffb47cc9000 	C:\WINDOWS\SYSTEM32\dhcpcsvc6.DLL
0x00007ffb47530000 - 0x00007ffb4754f000 	C:\WINDOWS\SYSTEM32\dhcpcsvc.DLL
0x00007ffb4a550000 - 0x00007ffb4a652000 	C:\WINDOWS\SYSTEM32\DNSAPI.dll
0x00007ffafda90000 - 0x00007ffafdad9000 	C:\Users\knare\AppData\Local\Temp\jna-102190609\jna141902604598156244.dll
0x00007ffb4d9f0000 - 0x00007ffb4d9f8000 	C:\WINDOWS\System32\PSAPI.DLL

dbghelp: loaded successfully - version: 4.0.5 - missing functions: none
symbol engine: initialized successfully - sym options: 0x614 - pdb path: .;c:\Users\knare\.vscode\extensions\redhat.java-1.38.0-win32-x64\jre\17.0.13-win32-x86_64\bin;C:\WINDOWS\SYSTEM32;C:\WINDOWS\WinSxS\amd64_microsoft.windows.common-controls_6595b64144ccf1df_6.0.22621.4541_none_2710d1c57384c085;c:\Users\knare\.vscode\extensions\redhat.java-1.38.0-win32-x64\jre\17.0.13-win32-x86_64\bin\server;C:\Users\knare\AppData\Roaming\Code\User\globalStorage\redhat.java\1.38.0\config_ss_win\org.eclipse.equinox.launcher\org.eclipse.equinox.launcher.win32.win32.x86_64_1.2.1100.v20240722-2106;C:\Users\knare\AppData\Local\Temp\jna-102190609

VM Arguments:
jvm_args: --add-modules=ALL-SYSTEM --add-opens=java.base/java.util=ALL-UNNAMED --add-opens=java.base/java.lang=ALL-UNNAMED --add-opens=java.base/sun.nio.fs=ALL-UNNAMED -Declipse.application=org.eclipse.jdt.ls.core.id1 -Dosgi.bundles.defaultStartLevel=4 -Declipse.product=org.eclipse.jdt.ls.core.product -Djava.import.generatesMetadataFilesAtProjectRoot=false -DDetectVMInstallationsJob.disabled=true -Dfile.encoding=utf8 -XX:+UseParallelGC -XX:GCTimeRatio=4 -XX:AdaptiveSizePolicyWeight=90 -Dsun.zip.disableMemoryMapping=true -Xmx1G -Xms100m -Xlog:disable -javaagent:c:\Users\knare\.vscode\extensions\redhat.java-1.38.0-win32-x64\lombok\lombok-1.18.34.jar 
java_command: c:\Users\knare\.vscode\extensions\redhat.java-1.38.0-win32-x64\server\plugins\org.eclipse.equinox.launcher_1.6.900.v20240613-2009.jar -configuration c:\Users\knare\AppData\Roaming\Code\User\globalStorage\redhat.java\1.38.0\config_ss_win -data c:\Users\knare\AppData\Roaming\Code\User\workspaceStorage\b4134743f85b67cd7ea5228943d4ab32\redhat.java\ss_ws --pipe=\\.\pipe\lsp-45513998c6dc4d770ef82daf94093eb5-sock
java_class_path (initial): c:\Users\knare\.vscode\extensions\redhat.java-1.38.0-win32-x64\server\plugins\org.eclipse.equinox.launcher_1.6.900.v20240613-2009.jar
Launcher Type: SUN_STANDARD

[Global flags]
    uintx AdaptiveSizePolicyWeight                 = 90                                        {product} {command line}
     intx CICompilerCount                          = 4                                         {product} {ergonomic}
    uintx GCTimeRatio                              = 4                                         {product} {command line}
   size_t InitialHeapSize                          = 104857600                                 {product} {command line}
   size_t MaxHeapSize                              = 1073741824                                {product} {command line}
   size_t MaxNewSize                               = 357564416                                 {product} {ergonomic}
   size_t MinHeapDeltaBytes                        = 524288                                    {product} {ergonomic}
   size_t MinHeapSize                              = 104857600                                 {product} {command line}
   size_t NewSize                                  = 34603008                                  {product} {ergonomic}
    uintx NonNMethodCodeHeapSize                   = 5839372                                {pd product} {ergonomic}
    uintx NonProfiledCodeHeapSize                  = 122909434                              {pd product} {ergonomic}
   size_t OldSize                                  = 70254592                                  {product} {ergonomic}
    uintx ProfiledCodeHeapSize                     = 122909434                              {pd product} {ergonomic}
    uintx ReservedCodeCacheSize                    = 251658240                              {pd product} {ergonomic}
     bool SegmentedCodeCache                       = true                                      {product} {ergonomic}
   size_t SoftMaxHeapSize                          = 1073741824                             {manageable} {ergonomic}
     bool UseCompressedClassPointers               = true                           {product lp64_product} {ergonomic}
     bool UseCompressedOops                        = true                           {product lp64_product} {ergonomic}
     bool UseLargePagesIndividualAllocation        = false                                  {pd product} {ergonomic}
     bool UseParallelGC                            = true                                      {product} {command line}

Logging:
Log output configuration:
 #0: stdout all=off uptime,level,tags
 #1: stderr all=off uptime,level,tags

Environment Variables:
PATH=C:\Program Files\Common Files\Oracle\Java\javapath;C:\WINDOWS\system32;C:\WINDOWS;C:\WINDOWS\System32\Wbem;C:\WINDOWS\System32\WindowsPowerShell\v1.0\;C:\WINDOWS\System32\OpenSSH\;C:\Program Files\Git\cmd;C:\Program Files\Redis\;C:\Program Files\Amazon\AWSCLIV2\;C:\ProgramData\chocolatey\bin;C:\Program Files\nodejs\;C:\Users\knare\AppData\Local\Programs\Python\Python312\Scripts\;C:\Users\knare\AppData\Local\Programs\Python\Python312\;C:\Users\knare\AppData\Local\Programs\Python\Launcher\;C:\Users\knare\AppData\Local\Microsoft\WindowsApps;C:\Users\knare\AppData\Local\GitHubDesktop\bin;C:\Users\knare\AppData\Local\Programs\Microsoft VS Code\bin;C:\Users\knare\AppData\Roaming\npm
USERNAME=knare
OS=Windows_NT
PROCESSOR_IDENTIFIER=Intel64 Family 6 Model 140 Stepping 1, GenuineIntel
TMP=C:\Users\knare\AppData\Local\Temp
TEMP=C:\Users\knare\AppData\Local\Temp



Periodic native trim disabled


---------------  S Y S T E M  ---------------

OS:
 Windows 11 , 64 bit Build 22621 (10.0.22621.4391)
OS uptime: 0 days 10:15 hours
Hyper-V role detected

CPU: total 8 (initial active 8) (4 cores per cpu, 2 threads per core) family 6 model 140 stepping 1 microcode 0x8a, cx8, cmov, fxsr, ht, mmx, 3dnowpref, sse, sse2, sse3, ssse3, sse4.1, sse4.2, popcnt, lzcnt, tsc, tscinvbit, avx, avx2, aes, erms, clmul, bmi1, bmi2, adx, avx512f, avx512dq, avx512cd, avx512bw, avx512vl, sha, fma, vzeroupper, avx512_vpopcntdq, avx512_vpclmulqdq, avx512_vaes, avx512_vnni, clflush, clflushopt, clwb, avx512_vbmi2, avx512_vbmi, hv
Processor Information for all 8 processors :
  Max Mhz: 2419, Current Mhz: 2419, Mhz Limit: 2419

Memory: 4k page, system-wide physical 7975M (340M free)
TotalPageFile size 16407M (AvailPageFile size 4M)
current process WorkingSet (physical memory assigned to process): 155M, peak: 158M
current process commit charge ("private bytes"): 256M, peak: 261M

vm_info: OpenJDK 64-Bit Server VM (17.0.13+11) for windows-amd64 JRE (17.0.13+11), built on Oct 16 2024 00:10:08 by "admin" with MS VC++ 17.7 (VS2022)

END.
