#
# There is insufficient memory for the Java Runtime Environment to continue.
# Native memory allocation (malloc) failed to allocate 749136 bytes. Error detail: Chunk::new
# Possible reasons:
#   The system is out of physical RAM or swap space
#   This process is running with CompressedOops enabled, and the Java Heap may be blocking the growth of the native heap
# Possible solutions:
#   Reduce memory load on the system
#   Increase physical memory or swap space
#   Check if swap backing store is full
#   Decrease Java heap size (-Xmx/-Xms)
#   Decrease number of Java threads
#   Decrease Java thread stack sizes (-Xss)
#   Set larger code cache with -XX:ReservedCodeCacheSize=
#   JVM is running with Unscaled Compressed Oops mode in which the Java heap is
#     placed in the first 4GB address space. The Java Heap base address is the
#     maximum limit for the native heap growth. Please use -XX:HeapBaseMinAddress
#     to set the Java Heap base and to place the Java Heap above 4GB virtual address.
# This output file may be truncated or incomplete.
#
#  Out of Memory Error (arena.cpp:191), pid=14232, tid=16308
#
# JRE version: OpenJDK Runtime Environment Temurin-17.0.13+11 (17.0.13+11) (build 17.0.13+11)
# Java VM: OpenJDK 64-Bit Server VM Temurin-17.0.13+11 (17.0.13+11, mixed mode, tiered, compressed oops, compressed class ptrs, parallel gc, windows-amd64)
# No core dump will be written. Minidumps are not enabled by default on client versions of Windows
#

---------------  S U M M A R Y ------------

Command Line: --add-modules=ALL-SYSTEM --add-opens=java.base/java.util=ALL-UNNAMED --add-opens=java.base/java.lang=ALL-UNNAMED --add-opens=java.base/sun.nio.fs=ALL-UNNAMED -Declipse.application=org.eclipse.jdt.ls.core.id1 -Dosgi.bundles.defaultStartLevel=4 -Declipse.product=org.eclipse.jdt.ls.core.product -Djava.import.generatesMetadataFilesAtProjectRoot=false -DDetectVMInstallationsJob.disabled=true -Dfile.encoding=utf8 -XX:+UseParallelGC -XX:GCTimeRatio=4 -XX:AdaptiveSizePolicyWeight=90 -Dsun.zip.disableMemoryMapping=true -Xmx1G -Xms100m -Xlog:disable -javaagent:c:\Users\knare\.vscode\extensions\redhat.java-1.38.0-win32-x64\lombok\lombok-1.18.34.jar c:\Users\knare\.vscode\extensions\redhat.java-1.38.0-win32-x64\server\plugins\org.eclipse.equinox.launcher_1.6.900.v20240613-2009.jar -configuration c:\Users\knare\AppData\Roaming\Code\User\globalStorage\redhat.java\1.38.0\config_ss_win -data c:\Users\knare\AppData\Roaming\Code\User\workspaceStorage\b4134743f85b67cd7ea5228943d4ab32\redhat.java\ss_ws --pipe=\\.\pipe\lsp-85b440af969eccd44993cda2b3cc06b5-sock

Host: 11th Gen Intel(R) Core(TM) i5-1135G7 @ 2.40GHz, 8 cores, 7G,  Windows 11 , 64 bit Build 22621 (10.0.22621.4391)
Time: Sun Jan 19 18:20:56 2025 India Standard Time elapsed time: 8.799569 seconds (0d 0h 0m 8s)

---------------  T H R E A D  ---------------

Current thread (0x000002049413a580):  JavaThread "C2 CompilerThread0" daemon [_thread_in_native, id=16308, stack(0x00000090b0200000,0x00000090b0300000)]


Current CompileTask:
C2:   8799 2985       4       jdk.internal.org.objectweb.asm.Frame::execute (2318 bytes)

Stack: [0x00000090b0200000,0x00000090b0300000]
Native frames: (J=compiled Java code, j=interpreted, Vv=VM code, C=native code)
V  [jvm.dll+0x682a19]
V  [jvm.dll+0x839538]
V  [jvm.dll+0x83afe3]
V  [jvm.dll+0x83b653]
V  [jvm.dll+0x24704f]
V  [jvm.dll+0xace34]
V  [jvm.dll+0xad4cc]
V  [jvm.dll+0x2ac84f]
V  [jvm.dll+0x588a79]
V  [jvm.dll+0x220ea2]
V  [jvm.dll+0x22129f]
V  [jvm.dll+0x21a2b0]
V  [jvm.dll+0x21738b]
V  [jvm.dll+0x1a3070]
V  [jvm.dll+0x22788c]
V  [jvm.dll+0x2259eb]
V  [jvm.dll+0x7eec98]
V  [jvm.dll+0x7e8ffc]
V  [jvm.dll+0x6818f7]
C  [ucrtbase.dll+0x29333]
C  [KERNEL32.DLL+0x1259d]
C  [ntdll.dll+0x5af38]


---------------  P R O C E S S  ---------------

Threads class SMR info:
_java_thread_list=0x000002049b302410, length=34, elements={
0x00000204ffa14390, 0x0000020499275020, 0x0000020499276310, 0x00000204992a4360,
0x000002049412da60, 0x00000204941333f0, 0x00000204992b6010, 0x000002049413a580,
0x000002049413ae90, 0x000002049413b7a0, 0x00000204ffa77ad0, 0x000002049a4881a0,
0x000002049a9e4fa0, 0x000002049ad6ea80, 0x000002049aa398f0, 0x0000020499455a90,
0x000002049a727750, 0x000002049ae59d20, 0x000002049ae5b160, 0x000002049ae5a740,
0x000002049ae5b670, 0x000002049ae5a230, 0x000002049ae57ec0, 0x000002049ae588e0,
0x000002049ae583d0, 0x000002049ae58df0, 0x000002049ae59300, 0x000002049ae59810,
0x000002049ae5ac50, 0x000002049b9bdc50, 0x000002049b9bc300, 0x000002049b9bb8e0,
0x000002049b9bc810, 0x000002049b9b8640
}

Java Threads: ( => current thread )
  0x00000204ffa14390 JavaThread "main" [_thread_blocked, id=1876, stack(0x00000090af900000,0x00000090afa00000)]
  0x0000020499275020 JavaThread "Reference Handler" daemon [_thread_blocked, id=18472, stack(0x00000090afc00000,0x00000090afd00000)]
  0x0000020499276310 JavaThread "Finalizer" daemon [_thread_blocked, id=19168, stack(0x00000090afd00000,0x00000090afe00000)]
  0x00000204992a4360 JavaThread "Signal Dispatcher" daemon [_thread_blocked, id=18760, stack(0x00000090afe00000,0x00000090aff00000)]
  0x000002049412da60 JavaThread "Attach Listener" daemon [_thread_blocked, id=21208, stack(0x00000090aff00000,0x00000090b0000000)]
  0x00000204941333f0 JavaThread "Service Thread" daemon [_thread_blocked, id=9052, stack(0x00000090b0000000,0x00000090b0100000)]
  0x00000204992b6010 JavaThread "Monitor Deflation Thread" daemon [_thread_blocked, id=18636, stack(0x00000090b0100000,0x00000090b0200000)]
=>0x000002049413a580 JavaThread "C2 CompilerThread0" daemon [_thread_in_native, id=16308, stack(0x00000090b0200000,0x00000090b0300000)]
  0x000002049413ae90 JavaThread "C1 CompilerThread0" daemon [_thread_in_vm, id=22328, stack(0x00000090b0300000,0x00000090b0400000)]
  0x000002049413b7a0 JavaThread "Sweeper thread" daemon [_thread_blocked, id=22108, stack(0x00000090b0400000,0x00000090b0500000)]
  0x00000204ffa77ad0 JavaThread "Common-Cleaner" daemon [_thread_blocked, id=19468, stack(0x00000090b0500000,0x00000090b0600000)]
  0x000002049a4881a0 JavaThread "Notification Thread" daemon [_thread_blocked, id=6608, stack(0x00000090b0600000,0x00000090b0700000)]
  0x000002049a9e4fa0 JavaThread "Active Thread: Equinox Container: 645ab0e5-fa7f-49c1-9d13-5e35a89a6dfa" [_thread_blocked, id=21152, stack(0x00000090b0e00000,0x00000090b0f00000)]
  0x000002049ad6ea80 JavaThread "Framework Event Dispatcher: Equinox Container: 645ab0e5-fa7f-49c1-9d13-5e35a89a6dfa" daemon [_thread_blocked, id=20640, stack(0x00000090b0f00000,0x00000090b1000000)]
  0x000002049aa398f0 JavaThread "Start Level: Equinox Container: 645ab0e5-fa7f-49c1-9d13-5e35a89a6dfa" daemon [_thread_blocked, id=16928, stack(0x00000090b1000000,0x00000090b1100000)]
  0x0000020499455a90 JavaThread "SCR Component Actor" daemon [_thread_blocked, id=11456, stack(0x00000090b1100000,0x00000090b1200000)]
  0x000002049a727750 JavaThread "SCR Component Registry" daemon [_thread_blocked, id=21312, stack(0x00000090b1300000,0x00000090b1400000)]
  0x000002049ae59d20 JavaThread "Worker-JM" [_thread_blocked, id=22044, stack(0x00000090b1400000,0x00000090b1500000)]
  0x000002049ae5b160 JavaThread "JNA Cleaner" daemon [_thread_blocked, id=2140, stack(0x00000090b1500000,0x00000090b1600000)]
  0x000002049ae5a740 JavaThread "Worker-0" [_thread_blocked, id=21556, stack(0x00000090b1600000,0x00000090b1700000)]
  0x000002049ae5b670 JavaThread "Worker-1" [_thread_blocked, id=9636, stack(0x00000090b1700000,0x00000090b1800000)]
  0x000002049ae5a230 JavaThread "Worker-2" [_thread_blocked, id=18940, stack(0x00000090b1800000,0x00000090b1900000)]
  0x000002049ae57ec0 JavaThread "Thread-2" daemon [_thread_in_native, id=9860, stack(0x00000090b1900000,0x00000090b1a00000)]
  0x000002049ae588e0 JavaThread "Thread-3" daemon [_thread_in_native, id=16688, stack(0x00000090b1a00000,0x00000090b1b00000)]
  0x000002049ae583d0 JavaThread "Thread-4" daemon [_thread_in_native, id=20600, stack(0x00000090b1b00000,0x00000090b1c00000)]
  0x000002049ae58df0 JavaThread "Thread-5" daemon [_thread_in_native, id=19748, stack(0x00000090b1c00000,0x00000090b1d00000)]
  0x000002049ae59300 JavaThread "Thread-6" daemon [_thread_in_native, id=20444, stack(0x00000090b1d00000,0x00000090b1e00000)]
  0x000002049ae59810 JavaThread "Thread-7" daemon [_thread_in_native, id=10056, stack(0x00000090b1e00000,0x00000090b1f00000)]
  0x000002049ae5ac50 JavaThread "Thread-8" daemon [_thread_in_native, id=20796, stack(0x00000090b1f00000,0x00000090b2000000)]
  0x000002049b9bdc50 JavaThread "Thread-9" daemon [_thread_in_native, id=1980, stack(0x00000090b2000000,0x00000090b2100000)]
  0x000002049b9bc300 JavaThread "Thread-10" daemon [_thread_in_native, id=20388, stack(0x00000090b2100000,0x00000090b2200000)]
  0x000002049b9bb8e0 JavaThread "pool-2-thread-1" [_thread_blocked, id=17052, stack(0x00000090b2200000,0x00000090b2300000)]
  0x000002049b9bc810 JavaThread "WorkspaceEventsHandler" [_thread_blocked, id=9268, stack(0x00000090b2300000,0x00000090b2400000)]
  0x000002049b9b8640 JavaThread "pool-1-thread-1" [_thread_in_Java, id=15532, stack(0x00000090b2400000,0x00000090b2500000)]

Other Threads:
  0x00000204992614b0 VMThread "VM Thread" [stack: 0x00000090afb00000,0x00000090afc00000] [id=22516]
  0x00000204995b3c40 WatcherThread [stack: 0x00000090b0700000,0x00000090b0800000] [id=19648]
  0x00000204ffa27c00 GCTaskThread "GC Thread#0" [stack: 0x00000090afa00000,0x00000090afb00000] [id=22288]
  0x000002049a511af0 GCTaskThread "GC Thread#1" [stack: 0x00000090b0800000,0x00000090b0900000] [id=18272]
  0x000002049a8d5570 GCTaskThread "GC Thread#2" [stack: 0x00000090b0900000,0x00000090b0a00000] [id=10132]
  0x000002049a91baf0 GCTaskThread "GC Thread#3" [stack: 0x00000090b0a00000,0x00000090b0b00000] [id=4828]
  0x000002049a91bdb0 GCTaskThread "GC Thread#4" [stack: 0x00000090b0b00000,0x00000090b0c00000] [id=8852]
  0x000002049a91c070 GCTaskThread "GC Thread#5" [stack: 0x00000090b0c00000,0x00000090b0d00000] [id=20672]
  0x000002049a91c330 GCTaskThread "GC Thread#6" [stack: 0x00000090b0d00000,0x00000090b0e00000] [id=8536]
  0x000002049a6b7f30 GCTaskThread "GC Thread#7" [stack: 0x00000090b1200000,0x00000090b1300000] [id=2008]

Threads with active compile tasks:
C2 CompilerThread0     8827 2985       4       jdk.internal.org.objectweb.asm.Frame::execute (2318 bytes)
C1 CompilerThread0     8827 3103       3       com.google.gson.internal.LinkedTreeMap::find (284 bytes)

VM state: not at safepoint (normal execution)

VM Mutex/Monitor currently owned by a thread: None

Heap address: 0x00000000c0000000, size: 1024 MB, Compressed Oops mode: 32-bit

CDS archive(s) not mapped
Compressed class space mapped at: 0x0000000100000000-0x0000000140000000, reserved size: 1073741824
Narrow klass base: 0x0000000000000000, Narrow klass shift: 3, Narrow klass range: 0x140000000

GC Precious Log:
 CPUs: 8 total, 8 available
 Memory: 7975M
 Large Page Support: Disabled
 NUMA Support: Disabled
 Compressed Oops: Enabled (32-bit)
 Alignments: Space 512K, Generation 512K, Heap 2M
 Heap Min Capacity: 100M
 Heap Initial Capacity: 100M
 Heap Max Capacity: 1G
 Pre-touch: Disabled
 Parallel Workers: 8

Heap:
 PSYoungGen      total 26112K, used 8085K [0x00000000eab00000, 0x00000000ec800000, 0x0000000100000000)
  eden space 23552K, 34% used [0x00000000eab00000,0x00000000eb2e56d8,0x00000000ec200000)
  from space 2560K, 0% used [0x00000000ec380000,0x00000000ec380000,0x00000000ec600000)
  to   space 2048K, 0% used [0x00000000ec600000,0x00000000ec600000,0x00000000ec800000)
 ParOldGen       total 68608K, used 12307K [0x00000000c0000000, 0x00000000c4300000, 0x00000000eab00000)
  object space 68608K, 17% used [0x00000000c0000000,0x00000000c0c04e40,0x00000000c4300000)
 Metaspace       used 36383K, committed 37120K, reserved 1114112K
  class space    used 3658K, committed 4032K, reserved 1048576K

Card table byte_map: [0x00000204ffcb0000,0x00000204ffec0000] _byte_map_base: 0x00000204ff6b0000

Marking Bits: (ParMarkBitMap*) 0x00007ffa81d66940
 Begin Bits: [0x0000020491d40000, 0x0000020492d40000)
 End Bits:   [0x0000020492d40000, 0x0000020493d40000)

Polling page: 0x00000204fe380000

Metaspace:

Usage:
  Non-class:     31.97 MB used.
      Class:      3.57 MB used.
       Both:     35.54 MB used.

Virtual space:
  Non-class space:       64.00 MB reserved,      32.31 MB ( 50%) committed,  1 nodes.
      Class space:        1.00 GB reserved,       3.94 MB ( <1%) committed,  1 nodes.
             Both:        1.06 GB reserved,      36.25 MB (  3%) committed. 

Chunk freelists:
   Non-Class:  15.52 MB
       Class:  12.11 MB
        Both:  27.62 MB

MaxMetaspaceSize: unlimited
CompressedClassSpaceSize: 1.00 GB
Initial GC threshold: 21.00 MB
Current GC threshold: 58.38 MB
CDS: off
MetaspaceReclaimPolicy: balanced
 - commit_granule_bytes: 65536.
 - commit_granule_words: 8192.
 - virtual_space_node_default_size: 8388608.
 - enlarge_chunks_in_place: 1.
 - new_chunks_are_fully_committed: 0.
 - uncommit_free_chunks: 1.
 - use_allocation_guard: 0.
 - handle_deallocations: 1.


Internal statistics:

num_allocs_failed_limit: 8.
num_arena_births: 368.
num_arena_deaths: 14.
num_vsnodes_births: 2.
num_vsnodes_deaths: 0.
num_space_committed: 580.
num_space_uncommitted: 0.
num_chunks_returned_to_freelist: 22.
num_chunks_taken_from_freelist: 1517.
num_chunk_merges: 7.
num_chunk_splits: 952.
num_chunks_enlarged: 600.
num_inconsistent_stats: 0.

CodeHeap 'non-profiled nmethods': size=120000Kb used=1244Kb max_used=1244Kb free=118755Kb
 bounds [0x000002048a6b0000, 0x000002048a920000, 0x0000020491be0000]
CodeHeap 'profiled nmethods': size=120000Kb used=6071Kb max_used=6071Kb free=113928Kb
 bounds [0x0000020482be0000, 0x00000204831d0000, 0x000002048a110000]
CodeHeap 'non-nmethods': size=5760Kb used=1297Kb max_used=1311Kb free=4462Kb
 bounds [0x000002048a110000, 0x000002048a380000, 0x000002048a6b0000]
 total_blobs=3699 nmethods=3088 adapters=524
 compilation: enabled
              stopped_count=0, restarted_count=0
 full_count=0

Compilation events (20 events):
Event: 8.785 Thread 0x000002049413ae90 nmethod 3061 0x00000204831a9890 code [0x00000204831a9a40, 0x00000204831a9b88]
Event: 8.786 Thread 0x000002049413ae90 3062       3       com.google.gson.internal.Excluder::excludeClass (140 bytes)
Event: 8.788 Thread 0x000002049413ae90 nmethod 3062 0x00000204831a9c90 code [0x00000204831aa140, 0x00000204831ac338]
Event: 8.788 Thread 0x000002049413ae90 3065   !   3       java.lang.reflect.Field::declaredAnnotations (82 bytes)
Event: 8.789 Thread 0x000002049413ae90 nmethod 3065 0x00000204831acc90 code [0x00000204831ace80, 0x00000204831ad348]
Event: 8.789 Thread 0x000002049413ae90 3063       3       com.google.gson.internal.bind.TypeAdapters$32::create (30 bytes)
Event: 8.789 Thread 0x000002049413ae90 nmethod 3063 0x00000204831ad610 code [0x00000204831ad7c0, 0x00000204831ad998]
Event: 8.789 Thread 0x000002049413ae90 3066       3       java.util.Collections::singletonList (9 bytes)
Event: 8.789 Thread 0x000002049413ae90 nmethod 3066 0x00000204831ada90 code [0x00000204831adc40, 0x00000204831adf18]
Event: 8.789 Thread 0x000002049413ae90 3067       3       java.util.Collections$SingletonList::<init> (10 bytes)
Event: 8.790 Thread 0x000002049413ae90 nmethod 3067 0x00000204831ae090 code [0x00000204831ae240, 0x00000204831ae498]
Event: 8.790 Thread 0x000002049413ae90 3068       1       java.lang.reflect.Field::getGenericSignature (5 bytes)
Event: 8.790 Thread 0x000002049413ae90 nmethod 3068 0x000002048a7e6710 code [0x000002048a7e68a0, 0x000002048a7e6978]
Event: 8.791 Thread 0x000002049413ae90 3069       3       com.google.gson.internal.bind.ReflectiveTypeAdapterFactory::includeField (18 bytes)
Event: 8.791 Thread 0x000002049413ae90 nmethod 3069 0x00000204831ae590 code [0x00000204831ae740, 0x00000204831ae8e8]
Event: 8.791 Thread 0x000002049413ae90 3070       3       com.google.gson.internal.Excluder::excludeField (207 bytes)
Event: 8.793 Thread 0x000002049413ae90 nmethod 3070 0x00000204831ae990 code [0x00000204831aee80, 0x00000204831b1418]
Event: 8.793 Thread 0x000002049413ae90 3071       3       java.lang.reflect.Field::getAnnotation (23 bytes)
Event: 8.794 Thread 0x000002049413ae90 nmethod 3071 0x00000204831b1e10 code [0x00000204831b2020, 0x00000204831b2688]
Event: 8.796 Thread 0x000002049413ae90 3074       3       com.google.gson.internal.$Gson$Types::resolve (499 bytes)

GC Heap History (20 events):
Event: 6.485 GC heap before
{Heap before GC invocations=2 (full 0):
 PSYoungGen      total 29696K, used 28766K [0x00000000eab00000, 0x00000000ecc00000, 0x0000000100000000)
  eden space 25600K, 100% used [0x00000000eab00000,0x00000000ec400000,0x00000000ec400000)
  from space 4096K, 77% used [0x00000000ec400000,0x00000000ec717970,0x00000000ec800000)
  to   space 4096K, 0% used [0x00000000ec800000,0x00000000ec800000,0x00000000ecc00000)
 ParOldGen       total 68608K, used 16K [0x00000000c0000000, 0x00000000c4300000, 0x00000000eab00000)
  object space 68608K, 0% used [0x00000000c0000000,0x00000000c0004000,0x00000000c4300000)
 Metaspace       used 14592K, committed 14848K, reserved 1114112K
  class space    used 1482K, committed 1600K, reserved 1048576K
}
Event: 6.488 GC heap after
{Heap after GC invocations=2 (full 0):
 PSYoungGen      total 29696K, used 4074K [0x00000000eab00000, 0x00000000ecc00000, 0x0000000100000000)
  eden space 25600K, 0% used [0x00000000eab00000,0x00000000eab00000,0x00000000ec400000)
  from space 4096K, 99% used [0x00000000ec800000,0x00000000ecbfa9a8,0x00000000ecc00000)
  to   space 4096K, 0% used [0x00000000ec400000,0x00000000ec400000,0x00000000ec800000)
 ParOldGen       total 68608K, used 833K [0x00000000c0000000, 0x00000000c4300000, 0x00000000eab00000)
  object space 68608K, 1% used [0x00000000c0000000,0x00000000c00d0580,0x00000000c4300000)
 Metaspace       used 14592K, committed 14848K, reserved 1114112K
  class space    used 1482K, committed 1600K, reserved 1048576K
}
Event: 7.107 GC heap before
{Heap before GC invocations=3 (full 0):
 PSYoungGen      total 29696K, used 29674K [0x00000000eab00000, 0x00000000ecc00000, 0x0000000100000000)
  eden space 25600K, 100% used [0x00000000eab00000,0x00000000ec400000,0x00000000ec400000)
  from space 4096K, 99% used [0x00000000ec800000,0x00000000ecbfa9a8,0x00000000ecc00000)
  to   space 4096K, 0% used [0x00000000ec400000,0x00000000ec400000,0x00000000ec800000)
 ParOldGen       total 68608K, used 833K [0x00000000c0000000, 0x00000000c4300000, 0x00000000eab00000)
  object space 68608K, 1% used [0x00000000c0000000,0x00000000c00d0580,0x00000000c4300000)
 Metaspace       used 19696K, committed 20096K, reserved 1114112K
  class space    used 2016K, committed 2176K, reserved 1048576K
}
Event: 7.112 GC heap after
{Heap after GC invocations=3 (full 0):
 PSYoungGen      total 29696K, used 4083K [0x00000000eab00000, 0x00000000ecc00000, 0x0000000100000000)
  eden space 25600K, 0% used [0x00000000eab00000,0x00000000eab00000,0x00000000ec400000)
  from space 4096K, 99% used [0x00000000ec400000,0x00000000ec7fcc50,0x00000000ec800000)
  to   space 4096K, 0% used [0x00000000ec800000,0x00000000ec800000,0x00000000ecc00000)
 ParOldGen       total 68608K, used 2591K [0x00000000c0000000, 0x00000000c4300000, 0x00000000eab00000)
  object space 68608K, 3% used [0x00000000c0000000,0x00000000c0287df0,0x00000000c4300000)
 Metaspace       used 19696K, committed 20096K, reserved 1114112K
  class space    used 2016K, committed 2176K, reserved 1048576K
}
Event: 7.253 GC heap before
{Heap before GC invocations=4 (full 0):
 PSYoungGen      total 29696K, used 11102K [0x00000000eab00000, 0x00000000ecc00000, 0x0000000100000000)
  eden space 25600K, 27% used [0x00000000eab00000,0x00000000eb1dad48,0x00000000ec400000)
  from space 4096K, 99% used [0x00000000ec400000,0x00000000ec7fcc50,0x00000000ec800000)
  to   space 4096K, 0% used [0x00000000ec800000,0x00000000ec800000,0x00000000ecc00000)
 ParOldGen       total 68608K, used 2591K [0x00000000c0000000, 0x00000000c4300000, 0x00000000eab00000)
  object space 68608K, 3% used [0x00000000c0000000,0x00000000c0287df0,0x00000000c4300000)
 Metaspace       used 21056K, committed 21504K, reserved 1114112K
  class space    used 2156K, committed 2368K, reserved 1048576K
}
Event: 7.255 GC heap after
{Heap after GC invocations=4 (full 0):
 PSYoungGen      total 29696K, used 4086K [0x00000000eab00000, 0x00000000ecc00000, 0x0000000100000000)
  eden space 25600K, 0% used [0x00000000eab00000,0x00000000eab00000,0x00000000ec400000)
  from space 4096K, 99% used [0x00000000ec800000,0x00000000ecbfdac0,0x00000000ecc00000)
  to   space 4096K, 0% used [0x00000000ec400000,0x00000000ec400000,0x00000000ec800000)
 ParOldGen       total 68608K, used 3004K [0x00000000c0000000, 0x00000000c4300000, 0x00000000eab00000)
  object space 68608K, 4% used [0x00000000c0000000,0x00000000c02ef0c8,0x00000000c4300000)
 Metaspace       used 21056K, committed 21504K, reserved 1114112K
  class space    used 2156K, committed 2368K, reserved 1048576K
}
Event: 7.255 GC heap before
{Heap before GC invocations=5 (full 1):
 PSYoungGen      total 29696K, used 4086K [0x00000000eab00000, 0x00000000ecc00000, 0x0000000100000000)
  eden space 25600K, 0% used [0x00000000eab00000,0x00000000eab00000,0x00000000ec400000)
  from space 4096K, 99% used [0x00000000ec800000,0x00000000ecbfdac0,0x00000000ecc00000)
  to   space 4096K, 0% used [0x00000000ec400000,0x00000000ec400000,0x00000000ec800000)
 ParOldGen       total 68608K, used 3004K [0x00000000c0000000, 0x00000000c4300000, 0x00000000eab00000)
  object space 68608K, 4% used [0x00000000c0000000,0x00000000c02ef0c8,0x00000000c4300000)
 Metaspace       used 21056K, committed 21504K, reserved 1114112K
  class space    used 2156K, committed 2368K, reserved 1048576K
}
Event: 7.274 GC heap after
{Heap after GC invocations=5 (full 1):
 PSYoungGen      total 29696K, used 0K [0x00000000eab00000, 0x00000000ecc00000, 0x0000000100000000)
  eden space 25600K, 0% used [0x00000000eab00000,0x00000000eab00000,0x00000000ec400000)
  from space 4096K, 0% used [0x00000000ec800000,0x00000000ec800000,0x00000000ecc00000)
  to   space 4096K, 0% used [0x00000000ec400000,0x00000000ec400000,0x00000000ec800000)
 ParOldGen       total 68608K, used 6942K [0x00000000c0000000, 0x00000000c4300000, 0x00000000eab00000)
  object space 68608K, 10% used [0x00000000c0000000,0x00000000c06c7998,0x00000000c4300000)
 Metaspace       used 21043K, committed 21504K, reserved 1114112K
  class space    used 2152K, committed 2368K, reserved 1048576K
}
Event: 7.693 GC heap before
{Heap before GC invocations=6 (full 1):
 PSYoungGen      total 29696K, used 25600K [0x00000000eab00000, 0x00000000ecc00000, 0x0000000100000000)
  eden space 25600K, 100% used [0x00000000eab00000,0x00000000ec400000,0x00000000ec400000)
  from space 4096K, 0% used [0x00000000ec800000,0x00000000ec800000,0x00000000ecc00000)
  to   space 4096K, 0% used [0x00000000ec400000,0x00000000ec400000,0x00000000ec800000)
 ParOldGen       total 68608K, used 6942K [0x00000000c0000000, 0x00000000c4300000, 0x00000000eab00000)
  object space 68608K, 10% used [0x00000000c0000000,0x00000000c06c7998,0x00000000c4300000)
 Metaspace       used 24208K, committed 24768K, reserved 1114112K
  class space    used 2473K, committed 2752K, reserved 1048576K
}
Event: 7.695 GC heap after
{Heap after GC invocations=6 (full 1):
 PSYoungGen      total 27648K, used 2539K [0x00000000eab00000, 0x00000000eca80000, 0x0000000100000000)
  eden space 25088K, 0% used [0x00000000eab00000,0x00000000eab00000,0x00000000ec380000)
  from space 2560K, 99% used [0x00000000ec400000,0x00000000ec67ae18,0x00000000ec680000)
  to   space 3584K, 0% used [0x00000000ec700000,0x00000000ec700000,0x00000000eca80000)
 ParOldGen       total 68608K, used 6950K [0x00000000c0000000, 0x00000000c4300000, 0x00000000eab00000)
  object space 68608K, 10% used [0x00000000c0000000,0x00000000c06c9998,0x00000000c4300000)
 Metaspace       used 24208K, committed 24768K, reserved 1114112K
  class space    used 2473K, committed 2752K, reserved 1048576K
}
Event: 7.958 GC heap before
{Heap before GC invocations=7 (full 1):
 PSYoungGen      total 27648K, used 27323K [0x00000000eab00000, 0x00000000eca80000, 0x0000000100000000)
  eden space 25088K, 98% used [0x00000000eab00000,0x00000000ec3341c8,0x00000000ec380000)
  from space 2560K, 99% used [0x00000000ec400000,0x00000000ec67ae18,0x00000000ec680000)
  to   space 3584K, 0% used [0x00000000ec700000,0x00000000ec700000,0x00000000eca80000)
 ParOldGen       total 68608K, used 6950K [0x00000000c0000000, 0x00000000c4300000, 0x00000000eab00000)
  object space 68608K, 10% used [0x00000000c0000000,0x00000000c06c9998,0x00000000c4300000)
 Metaspace       used 28286K, committed 28928K, reserved 1114112K
  class space    used 2776K, committed 3072K, reserved 1048576K
}
Event: 7.959 GC heap after
{Heap after GC invocations=7 (full 1):
 PSYoungGen      total 27136K, used 2223K [0x00000000eab00000, 0x00000000ec980000, 0x0000000100000000)
  eden space 24576K, 0% used [0x00000000eab00000,0x00000000eab00000,0x00000000ec300000)
  from space 2560K, 86% used [0x00000000ec700000,0x00000000ec92bea0,0x00000000ec980000)
  to   space 2560K, 0% used [0x00000000ec480000,0x00000000ec480000,0x00000000ec700000)
 ParOldGen       total 68608K, used 6958K [0x00000000c0000000, 0x00000000c4300000, 0x00000000eab00000)
  object space 68608K, 10% used [0x00000000c0000000,0x00000000c06cb998,0x00000000c4300000)
 Metaspace       used 28286K, committed 28928K, reserved 1114112K
  class space    used 2776K, committed 3072K, reserved 1048576K
}
Event: 8.223 GC heap before
{Heap before GC invocations=8 (full 1):
 PSYoungGen      total 27136K, used 26799K [0x00000000eab00000, 0x00000000ec980000, 0x0000000100000000)
  eden space 24576K, 100% used [0x00000000eab00000,0x00000000ec300000,0x00000000ec300000)
  from space 2560K, 86% used [0x00000000ec700000,0x00000000ec92bea0,0x00000000ec980000)
  to   space 2560K, 0% used [0x00000000ec480000,0x00000000ec480000,0x00000000ec700000)
 ParOldGen       total 68608K, used 6958K [0x00000000c0000000, 0x00000000c4300000, 0x00000000eab00000)
  object space 68608K, 10% used [0x00000000c0000000,0x00000000c06cb998,0x00000000c4300000)
 Metaspace       used 30508K, committed 31040K, reserved 1114112K
  class space    used 2955K, committed 3200K, reserved 1048576K
}
Event: 8.225 GC heap after
{Heap after GC invocations=8 (full 1):
 PSYoungGen      total 26624K, used 2534K [0x00000000eab00000, 0x00000000ecc80000, 0x0000000100000000)
  eden space 24064K, 0% used [0x00000000eab00000,0x00000000eab00000,0x00000000ec280000)
  from space 2560K, 99% used [0x00000000ec480000,0x00000000ec6f9ab0,0x00000000ec700000)
  to   space 5120K, 0% used [0x00000000ec780000,0x00000000ec780000,0x00000000ecc80000)
 ParOldGen       total 68608K, used 8726K [0x00000000c0000000, 0x00000000c4300000, 0x00000000eab00000)
  object space 68608K, 12% used [0x00000000c0000000,0x00000000c0885ab8,0x00000000c4300000)
 Metaspace       used 30508K, committed 31040K, reserved 1114112K
  class space    used 2955K, committed 3200K, reserved 1048576K
}
Event: 8.549 GC heap before
{Heap before GC invocations=9 (full 1):
 PSYoungGen      total 26624K, used 26484K [0x00000000eab00000, 0x00000000ecc80000, 0x0000000100000000)
  eden space 24064K, 99% used [0x00000000eab00000,0x00000000ec2636f8,0x00000000ec280000)
  from space 2560K, 99% used [0x00000000ec480000,0x00000000ec6f9ab0,0x00000000ec700000)
  to   space 5120K, 0% used [0x00000000ec780000,0x00000000ec780000,0x00000000ecc80000)
 ParOldGen       total 68608K, used 8726K [0x00000000c0000000, 0x00000000c4300000, 0x00000000eab00000)
  object space 68608K, 12% used [0x00000000c0000000,0x00000000c0885ab8,0x00000000c4300000)
 Metaspace       used 34197K, committed 34880K, reserved 1114112K
  class space    used 3394K, committed 3712K, reserved 1048576K
}
Event: 8.551 GC heap after
{Heap after GC invocations=9 (full 1):
 PSYoungGen      total 27648K, used 4002K [0x00000000eab00000, 0x00000000ecb80000, 0x0000000100000000)
  eden space 23552K, 0% used [0x00000000eab00000,0x00000000eab00000,0x00000000ec200000)
  from space 4096K, 97% used [0x00000000ec780000,0x00000000ecb688f8,0x00000000ecb80000)
  to   space 4096K, 0% used [0x00000000ec380000,0x00000000ec380000,0x00000000ec780000)
 ParOldGen       total 68608K, used 8734K [0x00000000c0000000, 0x00000000c4300000, 0x00000000eab00000)
  object space 68608K, 12% used [0x00000000c0000000,0x00000000c0887ab8,0x00000000c4300000)
 Metaspace       used 34197K, committed 34880K, reserved 1114112K
  class space    used 3394K, committed 3712K, reserved 1048576K
}
Event: 8.616 GC heap before
{Heap before GC invocations=10 (full 1):
 PSYoungGen      total 27648K, used 9881K [0x00000000eab00000, 0x00000000ecb80000, 0x0000000100000000)
  eden space 23552K, 24% used [0x00000000eab00000,0x00000000eb0bdca8,0x00000000ec200000)
  from space 4096K, 97% used [0x00000000ec780000,0x00000000ecb688f8,0x00000000ecb80000)
  to   space 4096K, 0% used [0x00000000ec380000,0x00000000ec380000,0x00000000ec780000)
 ParOldGen       total 68608K, used 8734K [0x00000000c0000000, 0x00000000c4300000, 0x00000000eab00000)
  object space 68608K, 12% used [0x00000000c0000000,0x00000000c0887ab8,0x00000000c4300000)
 Metaspace       used 35209K, committed 35840K, reserved 1114112K
  class space    used 3506K, committed 3776K, reserved 1048576K
}
Event: 8.620 GC heap after
{Heap after GC invocations=10 (full 1):
 PSYoungGen      total 26112K, used 2282K [0x00000000eab00000, 0x00000000ec800000, 0x0000000100000000)
  eden space 23552K, 0% used [0x00000000eab00000,0x00000000eab00000,0x00000000ec200000)
  from space 2560K, 89% used [0x00000000ec380000,0x00000000ec5bab48,0x00000000ec600000)
  to   space 2048K, 0% used [0x00000000ec600000,0x00000000ec600000,0x00000000ec800000)
 ParOldGen       total 68608K, used 10428K [0x00000000c0000000, 0x00000000c4300000, 0x00000000eab00000)
  object space 68608K, 15% used [0x00000000c0000000,0x00000000c0a2f138,0x00000000c4300000)
 Metaspace       used 35209K, committed 35840K, reserved 1114112K
  class space    used 3506K, committed 3776K, reserved 1048576K
}
Event: 8.620 GC heap before
{Heap before GC invocations=11 (full 2):
 PSYoungGen      total 26112K, used 2282K [0x00000000eab00000, 0x00000000ec800000, 0x0000000100000000)
  eden space 23552K, 0% used [0x00000000eab00000,0x00000000eab00000,0x00000000ec200000)
  from space 2560K, 89% used [0x00000000ec380000,0x00000000ec5bab48,0x00000000ec600000)
  to   space 2048K, 0% used [0x00000000ec600000,0x00000000ec600000,0x00000000ec800000)
 ParOldGen       total 68608K, used 10428K [0x00000000c0000000, 0x00000000c4300000, 0x00000000eab00000)
  object space 68608K, 15% used [0x00000000c0000000,0x00000000c0a2f138,0x00000000c4300000)
 Metaspace       used 35209K, committed 35840K, reserved 1114112K
  class space    used 3506K, committed 3776K, reserved 1048576K
}
Event: 8.642 GC heap after
{Heap after GC invocations=11 (full 2):
 PSYoungGen      total 26112K, used 0K [0x00000000eab00000, 0x00000000ec800000, 0x0000000100000000)
  eden space 23552K, 0% used [0x00000000eab00000,0x00000000eab00000,0x00000000ec200000)
  from space 2560K, 0% used [0x00000000ec380000,0x00000000ec380000,0x00000000ec600000)
  to   space 2048K, 0% used [0x00000000ec600000,0x00000000ec600000,0x00000000ec800000)
 ParOldGen       total 68608K, used 12307K [0x00000000c0000000, 0x00000000c4300000, 0x00000000eab00000)
  object space 68608K, 17% used [0x00000000c0000000,0x00000000c0c04e40,0x00000000c4300000)
 Metaspace       used 35209K, committed 35840K, reserved 1114112K
  class space    used 3506K, committed 3776K, reserved 1048576K
}

Dll operation events (10 events):
Event: 0.060 Loaded shared library c:\Users\knare\.vscode\extensions\redhat.java-1.38.0-win32-x64\jre\17.0.13-win32-x86_64\bin\java.dll
Event: 0.247 Loaded shared library c:\Users\knare\.vscode\extensions\redhat.java-1.38.0-win32-x64\jre\17.0.13-win32-x86_64\bin\zip.dll
Event: 0.251 Loaded shared library C:\Users\knare\.vscode\extensions\redhat.java-1.38.0-win32-x64\jre\17.0.13-win32-x86_64\bin\instrument.dll
Event: 0.264 Loaded shared library C:\Users\knare\.vscode\extensions\redhat.java-1.38.0-win32-x64\jre\17.0.13-win32-x86_64\bin\net.dll
Event: 0.267 Loaded shared library C:\Users\knare\.vscode\extensions\redhat.java-1.38.0-win32-x64\jre\17.0.13-win32-x86_64\bin\nio.dll
Event: 0.273 Loaded shared library C:\Users\knare\.vscode\extensions\redhat.java-1.38.0-win32-x64\jre\17.0.13-win32-x86_64\bin\zip.dll
Event: 0.292 Loaded shared library C:\Users\knare\.vscode\extensions\redhat.java-1.38.0-win32-x64\jre\17.0.13-win32-x86_64\bin\jimage.dll
Event: 0.345 Loaded shared library c:\Users\knare\.vscode\extensions\redhat.java-1.38.0-win32-x64\jre\17.0.13-win32-x86_64\bin\verify.dll
Event: 6.396 Loaded shared library C:\Users\knare\AppData\Roaming\Code\User\globalStorage\redhat.java\1.38.0\config_ss_win\org.eclipse.equinox.launcher\org.eclipse.equinox.launcher.win32.win32.x86_64_1.2.1100.v20240722-2106\eclipse_11904.dll
Event: 7.415 Loaded shared library C:\Users\knare\AppData\Local\Temp\jna-102190609\jna11306539805020591932.dll

Deoptimization events (20 events):
Event: 8.380 Thread 0x000002049aa398f0 DEOPT PACKING pc=0x000002048a7894d4 sp=0x00000090b10fbe90
Event: 8.380 Thread 0x000002049aa398f0 DEOPT UNPACKING pc=0x000002048a169ea3 sp=0x00000090b10fbdd8 mode 2
Event: 8.430 Thread 0x000002049ae5b670 DEOPT PACKING pc=0x0000020482cc6d0e sp=0x00000090b17fbce0
Event: 8.430 Thread 0x000002049ae5b670 DEOPT UNPACKING pc=0x000002048a16a9e3 sp=0x00000090b17fb1d8 mode 0
Event: 8.453 Thread 0x000002049ae5b670 Uncommon trap: trap_request=0xffffff45 fr.pc=0x000002048a7bf6c8 relative=0x0000000000001268
Event: 8.453 Thread 0x000002049ae5b670 Uncommon trap: reason=unstable_if action=reinterpret pc=0x000002048a7bf6c8 method=java.util.Properties.loadConvert([CIILjava/lang/StringBuilder;)Ljava/lang/String; @ 477 c2
Event: 8.453 Thread 0x000002049ae5b670 DEOPT PACKING pc=0x000002048a7bf6c8 sp=0x00000090b17fd8b0
Event: 8.453 Thread 0x000002049ae5b670 DEOPT UNPACKING pc=0x000002048a169ea3 sp=0x00000090b17fd8a0 mode 2
Event: 8.676 Thread 0x00000204ffa14390 Uncommon trap: trap_request=0xffffff45 fr.pc=0x000002048a7744b4 relative=0x0000000000000114
Event: 8.676 Thread 0x00000204ffa14390 Uncommon trap: reason=unstable_if action=reinterpret pc=0x000002048a7744b4 method=jdk.internal.org.objectweb.asm.SymbolTable.put(Ljdk/internal/org/objectweb/asm/SymbolTable$Entry;)Ljdk/internal/org/objectweb/asm/SymbolTable$Entry; @ 13 c2
Event: 8.676 Thread 0x00000204ffa14390 DEOPT PACKING pc=0x000002048a7744b4 sp=0x00000090af9fdb40
Event: 8.676 Thread 0x00000204ffa14390 DEOPT UNPACKING pc=0x000002048a169ea3 sp=0x00000090af9fdaa0 mode 2
Event: 8.688 Thread 0x00000204ffa14390 Uncommon trap: trap_request=0xffffff45 fr.pc=0x000002048a6de034 relative=0x0000000000000094
Event: 8.688 Thread 0x00000204ffa14390 Uncommon trap: reason=unstable_if action=reinterpret pc=0x000002048a6de034 method=java.lang.CharacterDataLatin1.digit(II)I @ 7 c2
Event: 8.688 Thread 0x00000204ffa14390 DEOPT PACKING pc=0x000002048a6de034 sp=0x00000090af9fe000
Event: 8.689 Thread 0x00000204ffa14390 DEOPT UNPACKING pc=0x000002048a169ea3 sp=0x00000090af9fdf80 mode 2
Event: 8.717 Thread 0x00000204ffa14390 Uncommon trap: trap_request=0xffffff45 fr.pc=0x000002048a6d8938 relative=0x0000000000000298
Event: 8.717 Thread 0x00000204ffa14390 Uncommon trap: reason=unstable_if action=reinterpret pc=0x000002048a6d8938 method=java.util.HashMap$HashIterator.<init>(Ljava/util/HashMap;)V @ 45 c2
Event: 8.717 Thread 0x00000204ffa14390 DEOPT PACKING pc=0x000002048a6d8938 sp=0x00000090af9fe190
Event: 8.717 Thread 0x00000204ffa14390 DEOPT UNPACKING pc=0x000002048a169ea3 sp=0x00000090af9fe128 mode 2

Classes loaded (20 events):
Event: 8.689 Loading class java/util/spi/CalendarNameProvider
Event: 8.689 Loading class java/util/spi/CalendarNameProvider done
Event: 8.689 Loading class sun/util/locale/provider/CalendarDataUtility$CalendarFieldValueNamesMapGetter
Event: 8.689 Loading class sun/util/locale/provider/CalendarDataUtility$CalendarFieldValueNamesMapGetter done
Event: 8.690 Loading class sun/util/cldr/CLDRCalendarNameProviderImpl
Event: 8.690 Loading class sun/util/locale/provider/CalendarNameProviderImpl
Event: 8.690 Loading class sun/util/locale/provider/CalendarNameProviderImpl done
Event: 8.690 Loading class sun/util/cldr/CLDRCalendarNameProviderImpl done
Event: 8.691 Loading class sun/util/locale/provider/CalendarNameProviderImpl$LengthBasedComparator
Event: 8.691 Loading class sun/util/locale/provider/CalendarNameProviderImpl$LengthBasedComparator done
Event: 8.714 Loading class java/time/format/DateTimeParseContext
Event: 8.715 Loading class java/time/format/DateTimeParseContext done
Event: 8.715 Loading class java/time/format/Parsed
Event: 8.716 Loading class java/time/format/Parsed done
Event: 8.718 Loading class java/time/LocalTime$1
Event: 8.718 Loading class java/time/LocalTime$1 done
Event: 8.721 Loading class sun/reflect/generics/repository/FieldRepository
Event: 8.721 Loading class sun/reflect/generics/repository/FieldRepository done
Event: 8.729 Loading class jdk/internal/reflect/UnsafeQualifiedIntegerFieldAccessorImpl
Event: 8.729 Loading class jdk/internal/reflect/UnsafeQualifiedIntegerFieldAccessorImpl done

Classes unloaded (7 events):
Event: 7.259 Thread 0x00000204992614b0 Unloading class 0x0000000100218000 'java/lang/invoke/LambdaForm$MH+0x0000000100218000'
Event: 7.259 Thread 0x00000204992614b0 Unloading class 0x0000000100217c00 'java/lang/invoke/LambdaForm$MH+0x0000000100217c00'
Event: 7.259 Thread 0x00000204992614b0 Unloading class 0x0000000100217800 'java/lang/invoke/LambdaForm$MH+0x0000000100217800'
Event: 7.259 Thread 0x00000204992614b0 Unloading class 0x0000000100217400 'java/lang/invoke/LambdaForm$MH+0x0000000100217400'
Event: 7.259 Thread 0x00000204992614b0 Unloading class 0x0000000100217000 'java/lang/invoke/LambdaForm$BMH+0x0000000100217000'
Event: 7.259 Thread 0x00000204992614b0 Unloading class 0x0000000100216c00 'java/lang/invoke/LambdaForm$DMH+0x0000000100216c00'
Event: 7.259 Thread 0x00000204992614b0 Unloading class 0x0000000100214000 'java/lang/invoke/LambdaForm$DMH+0x0000000100214000'

Classes redefined (0 events):
No events

Internal exceptions (20 events):
Event: 8.513 Thread 0x000002049ae5b670 Exception <a 'sun/nio/fs/WindowsException'{0x00000000ebeb22e8}> (0x00000000ebeb22e8) 
thrown [s\src\hotspot\share\prims\jni.cpp, line 516]
Event: 8.516 Thread 0x000002049ae5b670 Exception <a 'sun/nio/fs/WindowsException'{0x00000000ebeec4c8}> (0x00000000ebeec4c8) 
thrown [s\src\hotspot\share\prims\jni.cpp, line 516]
Event: 8.516 Thread 0x000002049ae5b670 Exception <a 'sun/nio/fs/WindowsException'{0x00000000ebeecd28}> (0x00000000ebeecd28) 
thrown [s\src\hotspot\share\prims\jni.cpp, line 516]
Event: 8.517 Thread 0x000002049ae5b670 Exception <a 'sun/nio/fs/WindowsException'{0x00000000ebeee348}> (0x00000000ebeee348) 
thrown [s\src\hotspot\share\prims\jni.cpp, line 516]
Event: 8.517 Thread 0x000002049ae5b670 Exception <a 'sun/nio/fs/WindowsException'{0x00000000ebef42f0}> (0x00000000ebef42f0) 
thrown [s\src\hotspot\share\prims\jni.cpp, line 516]
Event: 8.517 Thread 0x000002049ae5b670 Exception <a 'sun/nio/fs/WindowsException'{0x00000000ebef4c28}> (0x00000000ebef4c28) 
thrown [s\src\hotspot\share\prims\jni.cpp, line 516]
Event: 8.518 Thread 0x000002049ae5b670 Exception <a 'sun/nio/fs/WindowsException'{0x00000000ebef5260}> (0x00000000ebef5260) 
thrown [s\src\hotspot\share\prims\jni.cpp, line 516]
Event: 8.518 Thread 0x000002049ae5b670 Exception <a 'sun/nio/fs/WindowsException'{0x00000000ebef5bf8}> (0x00000000ebef5bf8) 
thrown [s\src\hotspot\share\prims\jni.cpp, line 516]
Event: 8.518 Thread 0x000002049ae5b670 Exception <a 'sun/nio/fs/WindowsException'{0x00000000ebef6230}> (0x00000000ebef6230) 
thrown [s\src\hotspot\share\prims\jni.cpp, line 516]
Event: 8.518 Thread 0x000002049ae5b670 Exception <a 'sun/nio/fs/WindowsException'{0x00000000ebef7768}> (0x00000000ebef7768) 
thrown [s\src\hotspot\share\prims\jni.cpp, line 516]
Event: 8.518 Thread 0x000002049ae5b670 Exception <a 'sun/nio/fs/WindowsException'{0x00000000ebef7da0}> (0x00000000ebef7da0) 
thrown [s\src\hotspot\share\prims\jni.cpp, line 516]
Event: 8.521 Thread 0x000002049ae5b670 Exception <a 'java/lang/NoSuchMethodError'{0x00000000ebf22348}: 'void java.lang.invoke.DirectMethodHandle$Holder.invokeVirtual(java.lang.Object, java.lang.Object, java.lang.Object, java.lang.Object)'> (0x00000000ebf22348) 
thrown [s\src\hotspot\share\interpreter\linkResolver.cpp, line 759]
Event: 8.644 Thread 0x000002049ae5b670 Exception <a 'java/io/FileNotFoundException'{0x00000000eab21788}> (0x00000000eab21788) 
thrown [s\src\hotspot\share\prims\jni.cpp, line 516]
Event: 8.644 Thread 0x000002049ae5b670 Exception <a 'java/io/FileNotFoundException'{0x00000000eab22a08}> (0x00000000eab22a08) 
thrown [s\src\hotspot\share\prims\jni.cpp, line 516]
Event: 8.646 Thread 0x000002049ae5b670 Exception <a 'java/lang/NoSuchMethodError'{0x00000000eab641a8}: 'java.lang.Object java.lang.invoke.DirectMethodHandle$Holder.newInvokeSpecial(java.lang.Object, java.lang.Object, java.lang.Object, int)'> (0x00000000eab641a8) 
thrown [s\src\hotspot\share\interpreter\linkResolver.cpp, line 759]
Event: 8.646 Thread 0x000002049ae5b670 Exception <a 'java/lang/NoSuchMethodError'{0x00000000eab816b8}: 'java.lang.Object java.lang.invoke.DirectMethodHandle$Holder.invokeSpecial(java.lang.Object, java.lang.Object, java.lang.Object, java.lang.Object, int)'> (0x00000000eab816b8) 
thrown [s\src\hotspot\share\interpreter\linkResolver.cpp, line 759]
Event: 8.646 Thread 0x000002049ae5b670 Exception <a 'java/lang/NoSuchMethodError'{0x00000000eab84dc0}: 'java.lang.Object java.lang.invoke.Invokers$Holder.linkToTargetMethod(java.lang.Object, java.lang.Object, int, java.lang.Object)'> (0x00000000eab84dc0) 
thrown [s\src\hotspot\share\interpreter\linkResolver.cpp, line 759]
Event: 8.648 Thread 0x000002049ae5b670 Exception <a 'java/lang/NoSuchMethodError'{0x00000000eab90a28}: 'void java.lang.invoke.DirectMethodHandle$Holder.invokeStaticInit(java.lang.Object, java.lang.Object, java.lang.Object)'> (0x00000000eab90a28) 
thrown [s\src\hotspot\share\interpreter\linkResolver.cpp, line 759]
Event: 8.666 Thread 0x00000204ffa14390 Exception <a 'java/lang/NoSuchMethodError'{0x00000000ead19150}: 'void java.lang.invoke.DirectMethodHandle$Holder.invokeSpecial(java.lang.Object, java.lang.Object, java.lang.Object, java.lang.Object, java.lang.Object, java.lang.Object)'> (0x00000000ead19150) 
thrown [s\src\hotspot\share\interpreter\linkResolver.cpp, line 759]
Event: 8.667 Thread 0x00000204ffa14390 Exception <a 'java/lang/IncompatibleClassChangeError'{0x00000000ead22a00}: Found class java.lang.Object, but interface was expected> (0x00000000ead22a00) 
thrown [s\src\hotspot\share\interpreter\linkResolver.cpp, line 826]

VM Operations (20 events):
Event: 7.958 Executing VM operation: ParallelGCFailedAllocation
Event: 7.959 Executing VM operation: ParallelGCFailedAllocation done
Event: 8.079 Executing VM operation: HandshakeAllThreads
Event: 8.079 Executing VM operation: HandshakeAllThreads done
Event: 8.177 Executing VM operation: HandshakeAllThreads
Event: 8.177 Executing VM operation: HandshakeAllThreads done
Event: 8.180 Executing VM operation: HandshakeAllThreads
Event: 8.180 Executing VM operation: HandshakeAllThreads done
Event: 8.223 Executing VM operation: ParallelGCFailedAllocation
Event: 8.225 Executing VM operation: ParallelGCFailedAllocation done
Event: 8.227 Executing VM operation: HandshakeAllThreads
Event: 8.227 Executing VM operation: HandshakeAllThreads done
Event: 8.227 Executing VM operation: HandshakeAllThreads
Event: 8.227 Executing VM operation: HandshakeAllThreads done
Event: 8.313 Executing VM operation: HandshakeAllThreads
Event: 8.313 Executing VM operation: HandshakeAllThreads done
Event: 8.549 Executing VM operation: ParallelGCFailedAllocation
Event: 8.551 Executing VM operation: ParallelGCFailedAllocation done
Event: 8.616 Executing VM operation: CollectForMetadataAllocation
Event: 8.643 Executing VM operation: CollectForMetadataAllocation done

Memory protections (0 events):
No events

Nmethod flushes (0 events):
No events

Events (20 events):
Event: 6.561 Thread 0x000002049aa398f0 Thread added: 0x000002049a727750
Event: 6.920 Thread 0x000002049aa398f0 Thread added: 0x000002049ae59d20
Event: 7.432 Thread 0x000002049aa398f0 Thread added: 0x000002049ae5b160
Event: 7.471 Thread 0x000002049aa398f0 Thread added: 0x000002049ae5a740
Event: 7.510 Thread 0x000002049aa398f0 Thread added: 0x000002049ae5b670
Event: 7.635 Thread 0x000002049ae5b670 Thread added: 0x000002049ae5a230
Event: 8.139 Thread 0x000002049aa398f0 Thread added: 0x000002049ae583d0
Event: 8.206 Thread 0x000002049ae583d0 Thread exited: 0x000002049ae583d0
Event: 8.442 Thread 0x00000204ffa14390 Thread added: 0x000002049ae57ec0
Event: 8.442 Thread 0x00000204ffa14390 Thread added: 0x000002049ae588e0
Event: 8.442 Thread 0x00000204ffa14390 Thread added: 0x000002049ae583d0
Event: 8.442 Thread 0x00000204ffa14390 Thread added: 0x000002049ae58df0
Event: 8.442 Thread 0x00000204ffa14390 Thread added: 0x000002049ae59300
Event: 8.442 Thread 0x00000204ffa14390 Thread added: 0x000002049ae59810
Event: 8.442 Thread 0x00000204ffa14390 Thread added: 0x000002049ae5ac50
Event: 8.443 Thread 0x00000204ffa14390 Thread added: 0x000002049b9bdc50
Event: 8.443 Thread 0x00000204ffa14390 Thread added: 0x000002049b9bc300
Event: 8.462 Thread 0x00000204ffa14390 Thread added: 0x000002049b9bb8e0
Event: 8.686 Thread 0x00000204ffa14390 Thread added: 0x000002049b9bc810
Event: 8.686 Thread 0x00000204ffa14390 Thread added: 0x000002049b9b8640


Dynamic libraries:
0x00007ff756a30000 - 0x00007ff756a3e000 	c:\Users\knare\.vscode\extensions\redhat.java-1.38.0-win32-x64\jre\17.0.13-win32-x86_64\bin\java.exe
0x00007ffb4e7f0000 - 0x00007ffb4ea07000 	C:\WINDOWS\SYSTEM32\ntdll.dll
0x00007ffb4d920000 - 0x00007ffb4d9e4000 	C:\WINDOWS\System32\KERNEL32.DLL
0x00007ffb4be70000 - 0x00007ffb4c22a000 	C:\WINDOWS\System32\KERNELBASE.dll
0x00007ffb47ef0000 - 0x00007ffb47f87000 	C:\WINDOWS\SYSTEM32\apphelp.dll
0x00007ffb4bb80000 - 0x00007ffb4bc91000 	C:\WINDOWS\System32\ucrtbase.dll
0x00007ffb2f1e0000 - 0x00007ffb2f1f7000 	c:\Users\knare\.vscode\extensions\redhat.java-1.38.0-win32-x64\jre\17.0.13-win32-x86_64\bin\jli.dll
0x00007ffb4da80000 - 0x00007ffb4dc2e000 	C:\WINDOWS\System32\USER32.dll
0x00007ffb2fe70000 - 0x00007ffb30102000 	C:\WINDOWS\WinSxS\amd64_microsoft.windows.common-controls_6595b64144ccf1df_6.0.22621.4541_none_2710d1c57384c085\COMCTL32.dll
0x00007ffb4c4c0000 - 0x00007ffb4c4e6000 	C:\WINDOWS\System32\win32u.dll
0x00007ffb4ca00000 - 0x00007ffb4ca29000 	C:\WINDOWS\System32\GDI32.dll
0x00007ffb4d2f0000 - 0x00007ffb4d397000 	C:\WINDOWS\System32\msvcrt.dll
0x00007ffb2f1c0000 - 0x00007ffb2f1de000 	c:\Users\knare\.vscode\extensions\redhat.java-1.38.0-win32-x64\jre\17.0.13-win32-x86_64\bin\VCRUNTIME140.dll
0x00007ffb4c230000 - 0x00007ffb4c34b000 	C:\WINDOWS\System32\gdi32full.dll
0x00007ffb4bca0000 - 0x00007ffb4bd3a000 	C:\WINDOWS\System32\msvcp_win.dll
0x00007ffb4ca30000 - 0x00007ffb4ca61000 	C:\WINDOWS\System32\IMM32.DLL
0x00007ffb43930000 - 0x00007ffb4393c000 	c:\Users\knare\.vscode\extensions\redhat.java-1.38.0-win32-x64\jre\17.0.13-win32-x86_64\bin\vcruntime140_1.dll
0x00007ffad7430000 - 0x00007ffad74bd000 	c:\Users\knare\.vscode\extensions\redhat.java-1.38.0-win32-x64\jre\17.0.13-win32-x86_64\bin\msvcp140.dll
0x00007ffa811c0000 - 0x00007ffa81e2b000 	c:\Users\knare\.vscode\extensions\redhat.java-1.38.0-win32-x64\jre\17.0.13-win32-x86_64\bin\server\jvm.dll
0x00007ffb4c940000 - 0x00007ffb4c9f2000 	C:\WINDOWS\System32\ADVAPI32.dll
0x00007ffb4dc30000 - 0x00007ffb4dcd7000 	C:\WINDOWS\System32\sechost.dll
0x00007ffb4bd40000 - 0x00007ffb4bd68000 	C:\WINDOWS\System32\bcrypt.dll
0x00007ffb4c7b0000 - 0x00007ffb4c8c4000 	C:\WINDOWS\System32\RPCRT4.dll
0x00007ffb4da00000 - 0x00007ffb4da71000 	C:\WINDOWS\System32\WS2_32.dll
0x00007ffb4b430000 - 0x00007ffb4b47d000 	C:\WINDOWS\SYSTEM32\POWRPROF.dll
0x00007ffb43640000 - 0x00007ffb4364a000 	C:\WINDOWS\SYSTEM32\VERSION.dll
0x00007ffb474f0000 - 0x00007ffb47524000 	C:\WINDOWS\SYSTEM32\WINMM.dll
0x00007ffb4b370000 - 0x00007ffb4b383000 	C:\WINDOWS\SYSTEM32\UMPDC.dll
0x00007ffb4aac0000 - 0x00007ffb4aad8000 	C:\WINDOWS\SYSTEM32\kernel.appcore.dll
0x00007ffb34330000 - 0x00007ffb3433a000 	c:\Users\knare\.vscode\extensions\redhat.java-1.38.0-win32-x64\jre\17.0.13-win32-x86_64\bin\jimage.dll
0x00007ffb492b0000 - 0x00007ffb494e2000 	C:\WINDOWS\SYSTEM32\DBGHELP.DLL
0x00007ffb4d4d0000 - 0x00007ffb4d85f000 	C:\WINDOWS\System32\combase.dll
0x00007ffb4e2c0000 - 0x00007ffb4e397000 	C:\WINDOWS\System32\OLEAUT32.dll
0x00007ffb474b0000 - 0x00007ffb474e2000 	C:\WINDOWS\SYSTEM32\dbgcore.DLL
0x00007ffb4bdf0000 - 0x00007ffb4be6b000 	C:\WINDOWS\System32\bcryptPrimitives.dll
0x00007ffb327f0000 - 0x00007ffb327fe000 	c:\Users\knare\.vscode\extensions\redhat.java-1.38.0-win32-x64\jre\17.0.13-win32-x86_64\bin\instrument.dll
0x00007ffb291a0000 - 0x00007ffb291c5000 	c:\Users\knare\.vscode\extensions\redhat.java-1.38.0-win32-x64\jre\17.0.13-win32-x86_64\bin\java.dll
0x00007ffb29280000 - 0x00007ffb29298000 	c:\Users\knare\.vscode\extensions\redhat.java-1.38.0-win32-x64\jre\17.0.13-win32-x86_64\bin\zip.dll
0x00007ffb4ca70000 - 0x00007ffb4d2e8000 	C:\WINDOWS\System32\SHELL32.dll
0x00007ffb499b0000 - 0x00007ffb4a2b8000 	C:\WINDOWS\SYSTEM32\windows.storage.dll
0x00007ffb49870000 - 0x00007ffb499af000 	C:\WINDOWS\SYSTEM32\wintypes.dll
0x00007ffb4e1c0000 - 0x00007ffb4e2ba000 	C:\WINDOWS\System32\SHCORE.dll
0x00007ffb4dce0000 - 0x00007ffb4dd3e000 	C:\WINDOWS\System32\shlwapi.dll
0x00007ffb4b9f0000 - 0x00007ffb4ba1b000 	C:\WINDOWS\SYSTEM32\profapi.dll
0x00007ffb27940000 - 0x00007ffb27959000 	C:\Users\knare\.vscode\extensions\redhat.java-1.38.0-win32-x64\jre\17.0.13-win32-x86_64\bin\net.dll
0x00007ffb47f90000 - 0x00007ffb480c6000 	C:\WINDOWS\SYSTEM32\WINHTTP.dll
0x00007ffb4af30000 - 0x00007ffb4af99000 	C:\WINDOWS\system32\mswsock.dll
0x00007ffb27340000 - 0x00007ffb27356000 	C:\Users\knare\.vscode\extensions\redhat.java-1.38.0-win32-x64\jre\17.0.13-win32-x86_64\bin\nio.dll
0x00007ffb32680000 - 0x00007ffb32690000 	c:\Users\knare\.vscode\extensions\redhat.java-1.38.0-win32-x64\jre\17.0.13-win32-x86_64\bin\verify.dll
0x00007ffb11300000 - 0x00007ffb11345000 	C:\Users\knare\AppData\Roaming\Code\User\globalStorage\redhat.java\1.38.0\config_ss_win\org.eclipse.equinox.launcher\org.eclipse.equinox.launcher.win32.win32.x86_64_1.2.1100.v20240722-2106\eclipse_11904.dll
0x00007ffb4e3a0000 - 0x00007ffb4e545000 	C:\WINDOWS\System32\ole32.dll
0x00007ffb4b1d0000 - 0x00007ffb4b1eb000 	C:\WINDOWS\SYSTEM32\CRYPTSP.dll
0x00007ffb4aa20000 - 0x00007ffb4aa55000 	C:\WINDOWS\system32\rsaenh.dll
0x00007ffb4afd0000 - 0x00007ffb4aff8000 	C:\WINDOWS\SYSTEM32\USERENV.dll
0x00007ffb4b140000 - 0x00007ffb4b14c000 	C:\WINDOWS\SYSTEM32\CRYPTBASE.dll
0x00007ffb4a520000 - 0x00007ffb4a54d000 	C:\WINDOWS\SYSTEM32\IPHLPAPI.DLL
0x00007ffb4d860000 - 0x00007ffb4d869000 	C:\WINDOWS\System32\NSI.dll
0x00007ffb47cb0000 - 0x00007ffb47cc9000 	C:\WINDOWS\SYSTEM32\dhcpcsvc6.DLL
0x00007ffb47530000 - 0x00007ffb4754f000 	C:\WINDOWS\SYSTEM32\dhcpcsvc.DLL
0x00007ffb4a550000 - 0x00007ffb4a652000 	C:\WINDOWS\SYSTEM32\DNSAPI.dll
0x00007ffafda90000 - 0x00007ffafdad9000 	C:\Users\knare\AppData\Local\Temp\jna-102190609\jna11306539805020591932.dll
0x00007ffb4d9f0000 - 0x00007ffb4d9f8000 	C:\WINDOWS\System32\PSAPI.DLL

dbghelp: loaded successfully - version: 4.0.5 - missing functions: none
symbol engine: initialized successfully - sym options: 0x614 - pdb path: .;c:\Users\knare\.vscode\extensions\redhat.java-1.38.0-win32-x64\jre\17.0.13-win32-x86_64\bin;C:\WINDOWS\SYSTEM32;C:\WINDOWS\WinSxS\amd64_microsoft.windows.common-controls_6595b64144ccf1df_6.0.22621.4541_none_2710d1c57384c085;c:\Users\knare\.vscode\extensions\redhat.java-1.38.0-win32-x64\jre\17.0.13-win32-x86_64\bin\server;C:\Users\knare\AppData\Roaming\Code\User\globalStorage\redhat.java\1.38.0\config_ss_win\org.eclipse.equinox.launcher\org.eclipse.equinox.launcher.win32.win32.x86_64_1.2.1100.v20240722-2106;C:\Users\knare\AppData\Local\Temp\jna-102190609

VM Arguments:
jvm_args: --add-modules=ALL-SYSTEM --add-opens=java.base/java.util=ALL-UNNAMED --add-opens=java.base/java.lang=ALL-UNNAMED --add-opens=java.base/sun.nio.fs=ALL-UNNAMED -Declipse.application=org.eclipse.jdt.ls.core.id1 -Dosgi.bundles.defaultStartLevel=4 -Declipse.product=org.eclipse.jdt.ls.core.product -Djava.import.generatesMetadataFilesAtProjectRoot=false -DDetectVMInstallationsJob.disabled=true -Dfile.encoding=utf8 -XX:+UseParallelGC -XX:GCTimeRatio=4 -XX:AdaptiveSizePolicyWeight=90 -Dsun.zip.disableMemoryMapping=true -Xmx1G -Xms100m -Xlog:disable -javaagent:c:\Users\knare\.vscode\extensions\redhat.java-1.38.0-win32-x64\lombok\lombok-1.18.34.jar 
java_command: c:\Users\knare\.vscode\extensions\redhat.java-1.38.0-win32-x64\server\plugins\org.eclipse.equinox.launcher_1.6.900.v20240613-2009.jar -configuration c:\Users\knare\AppData\Roaming\Code\User\globalStorage\redhat.java\1.38.0\config_ss_win -data c:\Users\knare\AppData\Roaming\Code\User\workspaceStorage\b4134743f85b67cd7ea5228943d4ab32\redhat.java\ss_ws --pipe=\\.\pipe\lsp-85b440af969eccd44993cda2b3cc06b5-sock
java_class_path (initial): c:\Users\knare\.vscode\extensions\redhat.java-1.38.0-win32-x64\server\plugins\org.eclipse.equinox.launcher_1.6.900.v20240613-2009.jar
Launcher Type: SUN_STANDARD

[Global flags]
    uintx AdaptiveSizePolicyWeight                 = 90                                        {product} {command line}
     intx CICompilerCount                          = 4                                         {product} {ergonomic}
    uintx GCTimeRatio                              = 4                                         {product} {command line}
   size_t InitialHeapSize                          = 104857600                                 {product} {command line}
   size_t MaxHeapSize                              = 1073741824                                {product} {command line}
   size_t MaxNewSize                               = 357564416                                 {product} {ergonomic}
   size_t MinHeapDeltaBytes                        = 524288                                    {product} {ergonomic}
   size_t MinHeapSize                              = 104857600                                 {product} {command line}
   size_t NewSize                                  = 34603008                                  {product} {ergonomic}
    uintx NonNMethodCodeHeapSize                   = 5839372                                {pd product} {ergonomic}
    uintx NonProfiledCodeHeapSize                  = 122909434                              {pd product} {ergonomic}
   size_t OldSize                                  = 70254592                                  {product} {ergonomic}
    uintx ProfiledCodeHeapSize                     = 122909434                              {pd product} {ergonomic}
    uintx ReservedCodeCacheSize                    = 251658240                              {pd product} {ergonomic}
     bool SegmentedCodeCache                       = true                                      {product} {ergonomic}
   size_t SoftMaxHeapSize                          = 1073741824                             {manageable} {ergonomic}
     bool UseCompressedClassPointers               = true                           {product lp64_product} {ergonomic}
     bool UseCompressedOops                        = true                           {product lp64_product} {ergonomic}
     bool UseLargePagesIndividualAllocation        = false                                  {pd product} {ergonomic}
     bool UseParallelGC                            = true                                      {product} {command line}

Logging:
Log output configuration:
 #0: stdout all=off uptime,level,tags
 #1: stderr all=off uptime,level,tags

Environment Variables:
PATH=C:\Program Files\Common Files\Oracle\Java\javapath;C:\WINDOWS\system32;C:\WINDOWS;C:\WINDOWS\System32\Wbem;C:\WINDOWS\System32\WindowsPowerShell\v1.0\;C:\WINDOWS\System32\OpenSSH\;C:\Program Files\Git\cmd;C:\Program Files\Redis\;C:\Program Files\Amazon\AWSCLIV2\;C:\ProgramData\chocolatey\bin;C:\Program Files\nodejs\;C:\Users\knare\AppData\Local\Programs\Python\Python312\Scripts\;C:\Users\knare\AppData\Local\Programs\Python\Python312\;C:\Users\knare\AppData\Local\Programs\Python\Launcher\;C:\Users\knare\AppData\Local\Microsoft\WindowsApps;C:\Users\knare\AppData\Local\GitHubDesktop\bin;C:\Users\knare\AppData\Local\Programs\Microsoft VS Code\bin;C:\Users\knare\AppData\Roaming\npm
USERNAME=knare
OS=Windows_NT
PROCESSOR_IDENTIFIER=Intel64 Family 6 Model 140 Stepping 1, GenuineIntel
TMP=C:\Users\knare\AppData\Local\Temp
TEMP=C:\Users\knare\AppData\Local\Temp



Periodic native trim disabled


---------------  S Y S T E M  ---------------

OS:
 Windows 11 , 64 bit Build 22621 (10.0.22621.4391)
OS uptime: 0 days 10:15 hours
Hyper-V role detected

CPU: total 8 (initial active 8) (4 cores per cpu, 2 threads per core) family 6 model 140 stepping 1 microcode 0x8a, cx8, cmov, fxsr, ht, mmx, 3dnowpref, sse, sse2, sse3, ssse3, sse4.1, sse4.2, popcnt, lzcnt, tsc, tscinvbit, avx, avx2, aes, erms, clmul, bmi1, bmi2, adx, avx512f, avx512dq, avx512cd, avx512bw, avx512vl, sha, fma, vzeroupper, avx512_vpopcntdq, avx512_vpclmulqdq, avx512_vaes, avx512_vnni, clflush, clflushopt, clwb, avx512_vbmi2, avx512_vbmi, hv
Processor Information for all 8 processors :
  Max Mhz: 2419, Current Mhz: 2419, Mhz Limit: 2419

Memory: 4k page, system-wide physical 7975M (91M free)
TotalPageFile size 16407M (AvailPageFile size 10M)
current process WorkingSet (physical memory assigned to process): 162M, peak: 162M
current process commit charge ("private bytes"): 260M, peak: 262M

vm_info: OpenJDK 64-Bit Server VM (17.0.13+11) for windows-amd64 JRE (17.0.13+11), built on Oct 16 2024 00:10:08 by "admin" with MS VC++ 17.7 (VS2022)

END.
