#
# There is insufficient memory for the Java Runtime Environment to continue.
# Native memory allocation (malloc) failed to allocate 183696 bytes. Error detail: Chunk::new
# Possible reasons:
#   The system is out of physical RAM or swap space
#   This process is running with CompressedOops enabled, and the Java Heap may be blocking the growth of the native heap
# Possible solutions:
#   Reduce memory load on the system
#   Increase physical memory or swap space
#   Check if swap backing store is full
#   Decrease Java heap size (-Xmx/-Xms)
#   Decrease number of Java threads
#   Decrease Java thread stack sizes (-Xss)
#   Set larger code cache with -XX:ReservedCodeCacheSize=
#   JVM is running with Unscaled Compressed Oops mode in which the Java heap is
#     placed in the first 4GB address space. The Java Heap base address is the
#     maximum limit for the native heap growth. Please use -XX:HeapBaseMinAddress
#     to set the Java Heap base and to place the Java Heap above 4GB virtual address.
# This output file may be truncated or incomplete.
#
#  Out of Memory Error (arena.cpp:191), pid=10036, tid=10692
#
# JRE version: OpenJDK Runtime Environment Temurin-17.0.13+11 (17.0.13+11) (build 17.0.13+11)
# Java VM: OpenJDK 64-Bit Server VM Temurin-17.0.13+11 (17.0.13+11, mixed mode, tiered, compressed oops, compressed class ptrs, parallel gc, windows-amd64)
# No core dump will be written. Minidumps are not enabled by default on client versions of Windows
#

---------------  S U M M A R Y ------------

Command Line: --add-modules=ALL-SYSTEM --add-opens=java.base/java.util=ALL-UNNAMED --add-opens=java.base/java.lang=ALL-UNNAMED --add-opens=java.base/sun.nio.fs=ALL-UNNAMED -Declipse.application=org.eclipse.jdt.ls.core.id1 -Dosgi.bundles.defaultStartLevel=4 -Declipse.product=org.eclipse.jdt.ls.core.product -Djava.import.generatesMetadataFilesAtProjectRoot=false -DDetectVMInstallationsJob.disabled=true -Dfile.encoding=utf8 -XX:+UseParallelGC -XX:GCTimeRatio=4 -XX:AdaptiveSizePolicyWeight=90 -Dsun.zip.disableMemoryMapping=true -Xmx1G -Xms100m -Xlog:disable -javaagent:c:\Users\knare\.vscode\extensions\redhat.java-1.38.0-win32-x64\lombok\lombok-1.18.34.jar -XX:+HeapDumpOnOutOfMemoryError -XX:HeapDumpPath=c:\Users\knare\AppData\Roaming\Code\User\workspaceStorage\b4134743f85b67cd7ea5228943d4ab32\redhat.java -Daether.dependencyCollector.impl=bf c:\Users\knare\.vscode\extensions\redhat.java-1.38.0-win32-x64\server\plugins\org.eclipse.equinox.launcher_1.6.900.v20240613-2009.jar -configuration c:\Users\knare\AppData\Roaming\Code\User\globalStorage\redhat.java\1.38.0\config_win -data c:\Users\knare\AppData\Roaming\Code\User\workspaceStorage\b4134743f85b67cd7ea5228943d4ab32\redhat.java\jdt_ws --pipe=\\.\pipe\lsp-9cbb1538a7486841b451ed9008be9073-sock

Host: 11th Gen Intel(R) Core(TM) i5-1135G7 @ 2.40GHz, 8 cores, 7G,  Windows 11 , 64 bit Build 22621 (10.0.22621.4391)
Time: Wed Jan 22 10:13:03 2025 India Standard Time elapsed time: 1.929241 seconds (0d 0h 0m 1s)

---------------  T H R E A D  ---------------

Current thread (0x000001f4b68f21f0):  JavaThread "C2 CompilerThread0" daemon [_thread_in_native, id=10692, stack(0x000000b681e00000,0x000000b681f00000)]


Current CompileTask:
C2:   1929 1487 %     4       java.io.WinNTFileSystem::normalize @ 58 (224 bytes)

Stack: [0x000000b681e00000,0x000000b681f00000]
Native frames: (J=compiled Java code, j=interpreted, Vv=VM code, C=native code)
V  [jvm.dll+0x682a19]
V  [jvm.dll+0x839538]
V  [jvm.dll+0x83afe3]
V  [jvm.dll+0x83b653]
V  [jvm.dll+0x24704f]
V  [jvm.dll+0xace34]
V  [jvm.dll+0xad4cc]
V  [jvm.dll+0x2ac84f]
V  [jvm.dll+0x588a79]
V  [jvm.dll+0x220ea2]
V  [jvm.dll+0x21992b]
V  [jvm.dll+0x21738b]
V  [jvm.dll+0x1a3070]
V  [jvm.dll+0x22788c]
V  [jvm.dll+0x2259eb]
V  [jvm.dll+0x7eec98]
V  [jvm.dll+0x7e8ffc]
V  [jvm.dll+0x6818f7]
C  [ucrtbase.dll+0x29333]
C  [KERNEL32.DLL+0x1259d]
C  [ntdll.dll+0x5af38]


---------------  P R O C E S S  ---------------

Threads class SMR info:
_java_thread_list=0x000001f4b8213a40, length=13, elements={
0x000001f49d97e480, 0x000001f4b68c2960, 0x000001f4b17f4a90, 0x000001f4b68e9340,
0x000001f4b68e9d10, 0x000001f4b68eb8e0, 0x000001f4b68ecc40, 0x000001f4b68f21f0,
0x000001f4b68f4ab0, 0x000001f4b68fd4a0, 0x000001f4b6964850, 0x000001f4b6c77ee0,
0x000001f4b816b050
}

Java Threads: ( => current thread )
  0x000001f49d97e480 JavaThread "main" [_thread_in_native, id=12412, stack(0x000000b681500000,0x000000b681600000)]
  0x000001f4b68c2960 JavaThread "Reference Handler" daemon [_thread_blocked, id=18016, stack(0x000000b681800000,0x000000b681900000)]
  0x000001f4b17f4a90 JavaThread "Finalizer" daemon [_thread_blocked, id=9696, stack(0x000000b681900000,0x000000b681a00000)]
  0x000001f4b68e9340 JavaThread "Signal Dispatcher" daemon [_thread_blocked, id=18612, stack(0x000000b681a00000,0x000000b681b00000)]
  0x000001f4b68e9d10 JavaThread "Attach Listener" daemon [_thread_blocked, id=22580, stack(0x000000b681b00000,0x000000b681c00000)]
  0x000001f4b68eb8e0 JavaThread "Service Thread" daemon [_thread_blocked, id=19364, stack(0x000000b681c00000,0x000000b681d00000)]
  0x000001f4b68ecc40 JavaThread "Monitor Deflation Thread" daemon [_thread_blocked, id=24504, stack(0x000000b681d00000,0x000000b681e00000)]
=>0x000001f4b68f21f0 JavaThread "C2 CompilerThread0" daemon [_thread_in_native, id=10692, stack(0x000000b681e00000,0x000000b681f00000)]
  0x000001f4b68f4ab0 JavaThread "C1 CompilerThread0" daemon [_thread_blocked, id=3780, stack(0x000000b681f00000,0x000000b682000000)]
  0x000001f4b68fd4a0 JavaThread "Sweeper thread" daemon [_thread_blocked, id=5104, stack(0x000000b682000000,0x000000b682100000)]
  0x000001f4b6964850 JavaThread "Common-Cleaner" daemon [_thread_blocked, id=20316, stack(0x000000b682100000,0x000000b682200000)]
  0x000001f4b6c77ee0 JavaThread "Notification Thread" daemon [_thread_blocked, id=24412, stack(0x000000b682300000,0x000000b682400000)]
  0x000001f4b816b050 JavaThread "Active Thread: Equinox Container: 64a2076c-e784-4c1a-8633-b43059583e4e" [_thread_blocked, id=22944, stack(0x000000b682500000,0x000000b682600000)]

Other Threads:
  0x000001f49da2ecd0 VMThread "VM Thread" [stack: 0x000000b681700000,0x000000b681800000] [id=6604]
  0x000001f4b7ae2300 WatcherThread [stack: 0x000000b682400000,0x000000b682500000] [id=23064]
  0x000001f49d993b80 GCTaskThread "GC Thread#0" [stack: 0x000000b681600000,0x000000b681700000] [id=22772]
  0x000001f4b827a020 GCTaskThread "GC Thread#1" [stack: 0x000000b682600000,0x000000b682700000] [id=10452]
  0x000001f4b7e98570 GCTaskThread "GC Thread#2" [stack: 0x000000b682700000,0x000000b682800000] [id=14192]
  0x000001f4b7e98830 GCTaskThread "GC Thread#3" [stack: 0x000000b682800000,0x000000b682900000] [id=21396]
  0x000001f4b7ede550 GCTaskThread "GC Thread#4" [stack: 0x000000b682900000,0x000000b682a00000] [id=5956]
  0x000001f4b7ede810 GCTaskThread "GC Thread#5" [stack: 0x000000b682a00000,0x000000b682b00000] [id=3844]
  0x000001f4b7edead0 GCTaskThread "GC Thread#6" [stack: 0x000000b682b00000,0x000000b682c00000] [id=14284]

Threads with active compile tasks:
C2 CompilerThread0     1941 1487 %     4       java.io.WinNTFileSystem::normalize @ 58 (224 bytes)

VM state: not at safepoint (normal execution)

VM Mutex/Monitor currently owned by a thread: None

Heap address: 0x00000000c0000000, size: 1024 MB, Compressed Oops mode: 32-bit

CDS archive(s) not mapped
Compressed class space mapped at: 0x0000000100000000-0x0000000140000000, reserved size: 1073741824
Narrow klass base: 0x0000000000000000, Narrow klass shift: 3, Narrow klass range: 0x140000000

GC Precious Log:
 CPUs: 8 total, 8 available
 Memory: 7975M
 Large Page Support: Disabled
 NUMA Support: Disabled
 Compressed Oops: Enabled (32-bit)
 Alignments: Space 512K, Generation 512K, Heap 2M
 Heap Min Capacity: 100M
 Heap Initial Capacity: 100M
 Heap Max Capacity: 1G
 Pre-touch: Disabled
 Parallel Workers: 8

Heap:
 PSYoungGen      total 29696K, used 23946K [0x00000000eab00000, 0x00000000ecc00000, 0x0000000100000000)
  eden space 25600K, 81% used [0x00000000eab00000,0x00000000ebf4b000,0x00000000ec400000)
  from space 4096K, 77% used [0x00000000ec400000,0x00000000ec717970,0x00000000ec800000)
  to   space 4096K, 0% used [0x00000000ec800000,0x00000000ec800000,0x00000000ecc00000)
 ParOldGen       total 68608K, used 16K [0x00000000c0000000, 0x00000000c4300000, 0x00000000eab00000)
  object space 68608K, 0% used [0x00000000c0000000,0x00000000c0004000,0x00000000c4300000)
 Metaspace       used 13799K, committed 13952K, reserved 1114112K
  class space    used 1368K, committed 1472K, reserved 1048576K

Card table byte_map: [0x000001f49d310000,0x000001f49d520000] _byte_map_base: 0x000001f49cd10000

Marking Bits: (ParMarkBitMap*) 0x00007ffd0ca06940
 Begin Bits: [0x000001f4af610000, 0x000001f4b0610000)
 End Bits:   [0x000001f4b0610000, 0x000001f4b1610000)

Polling page: 0x000001f49b900000

Metaspace:

Usage:
  Non-class:     12.14 MB used.
      Class:      1.34 MB used.
       Both:     13.48 MB used.

Virtual space:
  Non-class space:       64.00 MB reserved,      12.19 MB ( 19%) committed,  1 nodes.
      Class space:        1.00 GB reserved,       1.44 MB ( <1%) committed,  1 nodes.
             Both:        1.06 GB reserved,      13.62 MB (  1%) committed. 

Chunk freelists:
   Non-Class:  3.31 MB
       Class:  14.48 MB
        Both:  17.80 MB

MaxMetaspaceSize: unlimited
CompressedClassSpaceSize: 1.00 GB
Initial GC threshold: 21.00 MB
Current GC threshold: 21.00 MB
CDS: off
MetaspaceReclaimPolicy: balanced
 - commit_granule_bytes: 65536.
 - commit_granule_words: 8192.
 - virtual_space_node_default_size: 8388608.
 - enlarge_chunks_in_place: 1.
 - new_chunks_are_fully_committed: 0.
 - uncommit_free_chunks: 1.
 - use_allocation_guard: 0.
 - handle_deallocations: 1.


Internal statistics:

num_allocs_failed_limit: 0.
num_arena_births: 56.
num_arena_deaths: 0.
num_vsnodes_births: 2.
num_vsnodes_deaths: 0.
num_space_committed: 218.
num_space_uncommitted: 0.
num_chunks_returned_to_freelist: 0.
num_chunks_taken_from_freelist: 214.
num_chunk_merges: 0.
num_chunk_splits: 150.
num_chunks_enlarged: 126.
num_inconsistent_stats: 0.

CodeHeap 'non-profiled nmethods': size=120000Kb used=637Kb max_used=637Kb free=119362Kb
 bounds [0x000001f4a80e0000, 0x000001f4a8350000, 0x000001f4af610000]
CodeHeap 'profiled nmethods': size=120000Kb used=2623Kb max_used=2623Kb free=117376Kb
 bounds [0x000001f4a0610000, 0x000001f4a08a0000, 0x000001f4a7b40000]
CodeHeap 'non-nmethods': size=5760Kb used=1167Kb max_used=1190Kb free=4592Kb
 bounds [0x000001f4a7b40000, 0x000001f4a7db0000, 0x000001f4a80e0000]
 total_blobs=1935 nmethods=1485 adapters=364
 compilation: enabled
              stopped_count=0, restarted_count=0
 full_count=0

Compilation events (20 events):
Event: 1.535 Thread 0x000001f4b68f4ab0 nmethod 1477 0x000001f4a089a110 code [0x000001f4a089a2c0, 0x000001f4a089a5d8]
Event: 1.535 Thread 0x000001f4b68f4ab0 1478       3       java.lang.ThreadLocal$ThreadLocalMap::getEntry (42 bytes)
Event: 1.535 Thread 0x000001f4b68f4ab0 nmethod 1478 0x000001f4a089a710 code [0x000001f4a089a8e0, 0x000001f4a089ac98]
Event: 1.738 Thread 0x000001f4b68f4ab0 1479       3       java.net.URL::isValidProtocol (78 bytes)
Event: 1.739 Thread 0x000001f4b68f4ab0 nmethod 1479 0x000001f4a089ae90 code [0x000001f4a089b1a0, 0x000001f4a089c398]
Event: 1.739 Thread 0x000001f4b68f4ab0 1480       3       java.lang.StringBuilder::append (10 bytes)
Event: 1.740 Thread 0x000001f4b68f4ab0 nmethod 1480 0x000001f4a089ca90 code [0x000001f4a089cc20, 0x000001f4a089cd68]
Event: 1.740 Thread 0x000001f4b68f4ab0 1481       3       java.lang.AbstractStringBuilder::append (63 bytes)
Event: 1.740 Thread 0x000001f4b68f4ab0 nmethod 1481 0x000001f4a089ce10 code [0x000001f4a089d000, 0x000001f4a089d548]
Event: 1.740 Thread 0x000001f4b68f4ab0 1482       1       sun.nio.fs.NativeBuffer::address (5 bytes)
Event: 1.740 Thread 0x000001f4b68f4ab0 nmethod 1482 0x000001f4a817ed10 code [0x000001f4a817eea0, 0x000001f4a817ef78]
Event: 1.881 Thread 0x000001f4b68f4ab0 1483       3       sun.nio.fs.WindowsPathParser::nextNonSlash (24 bytes)
Event: 1.881 Thread 0x000001f4b68f4ab0 nmethod 1483 0x000001f4a089d690 code [0x000001f4a089d8a0, 0x000001f4a089dfd8]
Event: 1.921 Thread 0x000001f4b68f4ab0 1484       3       java.lang.String::getChars (54 bytes)
Event: 1.922 Thread 0x000001f4b68f4ab0 nmethod 1484 0x000001f4a089e310 code [0x000001f4a089e500, 0x000001f4a089e958]
Event: 1.922 Thread 0x000001f4b68f4ab0 1485       3       java.lang.StringLatin1::getChars (12 bytes)
Event: 1.922 Thread 0x000001f4b68f21f0 1486       4       java.lang.StringLatin1::inflate (34 bytes)
Event: 1.922 Thread 0x000001f4b68f4ab0 nmethod 1485 0x000001f4a089eb10 code [0x000001f4a089eca0, 0x000001f4a089edc8]
Event: 1.925 Thread 0x000001f4b68f21f0 nmethod 1486 0x000001f4a817f010 code [0x000001f4a817f180, 0x000001f4a817f438]
Event: 1.925 Thread 0x000001f4b68f21f0 1487 %     4       java.io.WinNTFileSystem::normalize @ 58 (224 bytes)

GC Heap History (2 events):
Event: 1.049 GC heap before
{Heap before GC invocations=1 (full 0):
 PSYoungGen      total 29696K, used 25600K [0x00000000eab00000, 0x00000000ecc00000, 0x0000000100000000)
  eden space 25600K, 100% used [0x00000000eab00000,0x00000000ec400000,0x00000000ec400000)
  from space 4096K, 0% used [0x00000000ec800000,0x00000000ec800000,0x00000000ecc00000)
  to   space 4096K, 0% used [0x00000000ec400000,0x00000000ec400000,0x00000000ec800000)
 ParOldGen       total 68608K, used 0K [0x00000000c0000000, 0x00000000c4300000, 0x00000000eab00000)
  object space 68608K, 0% used [0x00000000c0000000,0x00000000c0000000,0x00000000c4300000)
 Metaspace       used 10950K, committed 11072K, reserved 1114112K
  class space    used 1089K, committed 1152K, reserved 1048576K
}
Event: 1.054 GC heap after
{Heap after GC invocations=1 (full 0):
 PSYoungGen      total 29696K, used 3166K [0x00000000eab00000, 0x00000000ecc00000, 0x0000000100000000)
  eden space 25600K, 0% used [0x00000000eab00000,0x00000000eab00000,0x00000000ec400000)
  from space 4096K, 77% used [0x00000000ec400000,0x00000000ec717970,0x00000000ec800000)
  to   space 4096K, 0% used [0x00000000ec800000,0x00000000ec800000,0x00000000ecc00000)
 ParOldGen       total 68608K, used 16K [0x00000000c0000000, 0x00000000c4300000, 0x00000000eab00000)
  object space 68608K, 0% used [0x00000000c0000000,0x00000000c0004000,0x00000000c4300000)
 Metaspace       used 10950K, committed 11072K, reserved 1114112K
  class space    used 1089K, committed 1152K, reserved 1048576K
}

Dll operation events (8 events):
Event: 0.043 Loaded shared library c:\Users\knare\.vscode\extensions\redhat.java-1.38.0-win32-x64\jre\17.0.13-win32-x86_64\bin\java.dll
Event: 0.195 Loaded shared library c:\Users\knare\.vscode\extensions\redhat.java-1.38.0-win32-x64\jre\17.0.13-win32-x86_64\bin\zip.dll
Event: 0.198 Loaded shared library C:\Users\knare\.vscode\extensions\redhat.java-1.38.0-win32-x64\jre\17.0.13-win32-x86_64\bin\instrument.dll
Event: 0.213 Loaded shared library C:\Users\knare\.vscode\extensions\redhat.java-1.38.0-win32-x64\jre\17.0.13-win32-x86_64\bin\net.dll
Event: 0.215 Loaded shared library C:\Users\knare\.vscode\extensions\redhat.java-1.38.0-win32-x64\jre\17.0.13-win32-x86_64\bin\nio.dll
Event: 0.235 Loaded shared library C:\Users\knare\.vscode\extensions\redhat.java-1.38.0-win32-x64\jre\17.0.13-win32-x86_64\bin\zip.dll
Event: 0.256 Loaded shared library C:\Users\knare\.vscode\extensions\redhat.java-1.38.0-win32-x64\jre\17.0.13-win32-x86_64\bin\jimage.dll
Event: 0.307 Loaded shared library c:\Users\knare\.vscode\extensions\redhat.java-1.38.0-win32-x64\jre\17.0.13-win32-x86_64\bin\verify.dll

Deoptimization events (20 events):
Event: 1.274 Thread 0x000001f49d97e480 Uncommon trap: trap_request=0xffffffc6 fr.pc=0x000001f4a810ca1c relative=0x000000000000027c
Event: 1.274 Thread 0x000001f49d97e480 Uncommon trap: reason=bimorphic_or_optimized_type_check action=maybe_recompile pc=0x000001f4a810ca1c method=java.util.Collections$UnmodifiableCollection$1.next()Ljava/lang/Object; @ 4 c2
Event: 1.274 Thread 0x000001f49d97e480 DEOPT PACKING pc=0x000001f4a810ca1c sp=0x000000b6815f7b80
Event: 1.274 Thread 0x000001f49d97e480 DEOPT UNPACKING pc=0x000001f4a7b99ea3 sp=0x000000b6815f7b30 mode 2
Event: 1.274 Thread 0x000001f49d97e480 Uncommon trap: trap_request=0xffffffc6 fr.pc=0x000001f4a810ca1c relative=0x000000000000027c
Event: 1.274 Thread 0x000001f49d97e480 Uncommon trap: reason=bimorphic_or_optimized_type_check action=maybe_recompile pc=0x000001f4a810ca1c method=java.util.Collections$UnmodifiableCollection$1.next()Ljava/lang/Object; @ 4 c2
Event: 1.274 Thread 0x000001f49d97e480 DEOPT PACKING pc=0x000001f4a810ca1c sp=0x000000b6815f7b80
Event: 1.274 Thread 0x000001f49d97e480 DEOPT UNPACKING pc=0x000001f4a7b99ea3 sp=0x000000b6815f7b30 mode 2
Event: 1.433 Thread 0x000001f49d97e480 Uncommon trap: trap_request=0xffffffde fr.pc=0x000001f4a815099c relative=0x000000000000095c
Event: 1.433 Thread 0x000001f49d97e480 Uncommon trap: reason=class_check action=maybe_recompile pc=0x000001f4a815099c method=java.util.HashMap.putVal(ILjava/lang/Object;Ljava/lang/Object;ZZ)Ljava/lang/Object; @ 253 c2
Event: 1.434 Thread 0x000001f49d97e480 DEOPT PACKING pc=0x000001f4a815099c sp=0x000000b6815fd9a0
Event: 1.434 Thread 0x000001f49d97e480 DEOPT UNPACKING pc=0x000001f4a7b99ea3 sp=0x000000b6815fd920 mode 2
Event: 1.435 Thread 0x000001f49d97e480 Uncommon trap: trap_request=0xffffffde fr.pc=0x000001f4a815099c relative=0x000000000000095c
Event: 1.435 Thread 0x000001f49d97e480 Uncommon trap: reason=class_check action=maybe_recompile pc=0x000001f4a815099c method=java.util.HashMap.putVal(ILjava/lang/Object;Ljava/lang/Object;ZZ)Ljava/lang/Object; @ 253 c2
Event: 1.435 Thread 0x000001f49d97e480 DEOPT PACKING pc=0x000001f4a815099c sp=0x000000b6815fd9a0
Event: 1.435 Thread 0x000001f49d97e480 DEOPT UNPACKING pc=0x000001f4a7b99ea3 sp=0x000000b6815fd920 mode 2
Event: 1.466 Thread 0x000001f49d97e480 DEOPT PACKING pc=0x000001f4a06c7c00 sp=0x000000b6815fbce0
Event: 1.466 Thread 0x000001f49d97e480 DEOPT UNPACKING pc=0x000001f4a7b9a9e3 sp=0x000000b6815fb160 mode 0
Event: 1.481 Thread 0x000001f49d97e480 DEOPT PACKING pc=0x000001f4a06a070d sp=0x000000b6815fbb30
Event: 1.481 Thread 0x000001f49d97e480 DEOPT UNPACKING pc=0x000001f4a7b9a9e3 sp=0x000000b6815fb038 mode 0

Classes loaded (20 events):
Event: 1.454 Loading class javax/xml/parsers/ParserConfigurationException
Event: 1.454 Loading class javax/xml/parsers/ParserConfigurationException done
Event: 1.457 Loading class java/security/KeyStoreException
Event: 1.457 Loading class java/security/KeyStoreException done
Event: 1.460 Loading class sun/security/x509/SubjectAlternativeNameExtension
Event: 1.460 Loading class sun/security/x509/SubjectAlternativeNameExtension done
Event: 1.460 Loading class sun/security/x509/RFC822Name
Event: 1.460 Loading class sun/security/x509/RFC822Name done
Event: 1.478 Loading class java/util/LinkedList$Node
Event: 1.478 Loading class java/util/LinkedList$Node done
Event: 1.478 Loading class java/util/LinkedList$ListItr
Event: 1.478 Loading class java/util/LinkedList$ListItr done
Event: 1.488 Loading class sun/nio/fs/WindowsChannelFactory
Event: 1.488 Loading class sun/nio/fs/WindowsChannelFactory done
Event: 1.488 Loading class sun/nio/fs/WindowsChannelFactory$1
Event: 1.488 Loading class sun/nio/fs/WindowsChannelFactory$1 done
Event: 1.488 Loading class sun/nio/fs/WindowsChannelFactory$Flags
Event: 1.488 Loading class sun/nio/fs/WindowsChannelFactory$Flags done
Event: 1.488 Loading class sun/nio/ch/FileChannelImpl$Closer
Event: 1.489 Loading class sun/nio/ch/FileChannelImpl$Closer done

Classes unloaded (0 events):
No events

Classes redefined (0 events):
No events

Internal exceptions (20 events):
Event: 0.651 Thread 0x000001f49d97e480 Exception <a 'java/io/FileNotFoundException'{0x00000000eb89e508}> (0x00000000eb89e508) 
thrown [s\src\hotspot\share\prims\jni.cpp, line 516]
Event: 0.651 Thread 0x000001f49d97e480 Exception <a 'java/io/FileNotFoundException'{0x00000000eb89f1d8}> (0x00000000eb89f1d8) 
thrown [s\src\hotspot\share\prims\jni.cpp, line 516]
Event: 0.656 Thread 0x000001f49d97e480 Implicit null exception at 0x000001f4a8107072 to 0x000001f4a81075e8
Event: 0.661 Thread 0x000001f49d97e480 Exception <a 'java/io/FileNotFoundException'{0x00000000eb8d8218}> (0x00000000eb8d8218) 
thrown [s\src\hotspot\share\prims\jni.cpp, line 516]
Event: 0.937 Thread 0x000001f49d97e480 Exception <a 'java/lang/ClassNotFoundException'{0x00000000ec11b428}: sun/net/www/protocol/c/Handler> (0x00000000ec11b428) 
thrown [s\src\hotspot\share\classfile\systemDictionary.cpp, line 256]
Event: 0.937 Thread 0x000001f49d97e480 Exception <a 'java/lang/ClassNotFoundException'{0x00000000ec11c740}: sun/net/www/protocol/c/Handler> (0x00000000ec11c740) 
thrown [s\src\hotspot\share\classfile\systemDictionary.cpp, line 256]
Event: 0.938 Thread 0x000001f49d97e480 Exception <a 'java/lang/ClassNotFoundException'{0x00000000ec11d888}: sun/net/www/protocol/c/Handler> (0x00000000ec11d888) 
thrown [s\src\hotspot\share\classfile\systemDictionary.cpp, line 256]
Event: 0.943 Thread 0x000001f49d97e480 Exception <a 'java/io/FileNotFoundException'{0x00000000ec145e90}> (0x00000000ec145e90) 
thrown [s\src\hotspot\share\prims\jni.cpp, line 516]
Event: 0.996 Thread 0x000001f49d97e480 Implicit null exception at 0x000001f4a814007b to 0x000001f4a8140a2c
Event: 0.997 Thread 0x000001f49d97e480 Implicit null exception at 0x000001f4a813368e to 0x000001f4a81338b8
Event: 0.997 Thread 0x000001f49d97e480 Implicit null exception at 0x000001f4a813290e to 0x000001f4a8132b3c
Event: 0.997 Thread 0x000001f49d97e480 Implicit null exception at 0x000001f4a812ab0f to 0x000001f4a812ab85
Event: 1.060 Thread 0x000001f49d97e480 Exception <a 'java/lang/NoSuchMethodError'{0x00000000eab1f8d8}: 'int java.lang.invoke.DirectMethodHandle$Holder.invokeStaticInit(java.lang.Object, java.lang.Object, java.lang.Object, java.lang.Object)'> (0x00000000eab1f8d8) 
thrown [s\src\hotspot\share\interpreter\linkResolver.cpp, line 759]
Event: 1.063 Thread 0x000001f49d97e480 Exception <a 'java/lang/NoSuchMethodError'{0x00000000eab2a040}: 'java.lang.Object java.lang.invoke.DirectMethodHandle$Holder.invokeInterface(java.lang.Object, java.lang.Object)'> (0x00000000eab2a040) 
thrown [s\src\hotspot\share\interpreter\linkResolver.cpp, line 759]
Event: 1.063 Thread 0x000001f49d97e480 Exception <a 'java/lang/IncompatibleClassChangeError'{0x00000000eab2d838}: Found class java.lang.Object, but interface was expected> (0x00000000eab2d838) 
thrown [s\src\hotspot\share\interpreter\linkResolver.cpp, line 826]
Event: 1.064 Thread 0x000001f49d97e480 Exception <a 'java/lang/NoSuchMethodError'{0x00000000eab31d18}: 'void java.lang.invoke.DirectMethodHandle$Holder.invokeStatic(java.lang.Object, java.lang.Object)'> (0x00000000eab31d18) 
thrown [s\src\hotspot\share\interpreter\linkResolver.cpp, line 759]
Event: 1.065 Thread 0x000001f49d97e480 Exception <a 'java/lang/NoSuchMethodError'{0x00000000eab35518}: 'void java.lang.invoke.DirectMethodHandle$Holder.invokeStaticInit(java.lang.Object, java.lang.Object)'> (0x00000000eab35518) 
thrown [s\src\hotspot\share\interpreter\linkResolver.cpp, line 759]
Event: 1.066 Thread 0x000001f49d97e480 Exception <a 'java/lang/NoSuchMethodError'{0x00000000eab3cbf8}: 'int java.lang.invoke.DirectMethodHandle$Holder.invokeStaticInit(java.lang.Object, java.lang.Object)'> (0x00000000eab3cbf8) 
thrown [s\src\hotspot\share\interpreter\linkResolver.cpp, line 759]
Event: 1.168 Thread 0x000001f49d97e480 Exception <a 'java/lang/NoSuchMethodError'{0x00000000eacca938}: 'void java.lang.invoke.DirectMethodHandle$Holder.invokeSpecial(java.lang.Object, java.lang.Object, java.lang.Object)'> (0x00000000eacca938) 
thrown [s\src\hotspot\share\interpreter\linkResolver.cpp, line 759]
Event: 1.420 Thread 0x000001f49d97e480 Exception <a 'java/lang/NoSuchMethodError'{0x00000000eba9c618}: 'java.lang.Object java.lang.invoke.DirectMethodHandle$Holder.newInvokeSpecial(java.lang.Object, int, java.lang.Object)'> (0x00000000eba9c618) 
thrown [s\src\hotspot\share\interpreter\linkResolver.cpp, line 759]

VM Operations (20 events):
Event: 0.177 Executing VM operation: HandshakeAllThreads
Event: 0.177 Executing VM operation: HandshakeAllThreads done
Event: 0.602 Executing VM operation: HandshakeAllThreads
Event: 0.602 Executing VM operation: HandshakeAllThreads done
Event: 0.618 Executing VM operation: HandshakeAllThreads
Event: 0.618 Executing VM operation: HandshakeAllThreads done
Event: 0.921 Executing VM operation: HandshakeAllThreads
Event: 0.921 Executing VM operation: HandshakeAllThreads done
Event: 0.993 Executing VM operation: ICBufferFull
Event: 0.993 Executing VM operation: ICBufferFull done
Event: 1.049 Executing VM operation: ParallelGCFailedAllocation
Event: 1.054 Executing VM operation: ParallelGCFailedAllocation done
Event: 1.392 Executing VM operation: HandshakeAllThreads
Event: 1.392 Executing VM operation: HandshakeAllThreads done
Event: 1.392 Executing VM operation: HandshakeAllThreads
Event: 1.392 Executing VM operation: HandshakeAllThreads done
Event: 1.402 Executing VM operation: HandshakeAllThreads
Event: 1.402 Executing VM operation: HandshakeAllThreads done
Event: 1.412 Executing VM operation: HandshakeAllThreads
Event: 1.412 Executing VM operation: HandshakeAllThreads done

Memory protections (0 events):
No events

Nmethod flushes (0 events):
No events

Events (19 events):
Event: 0.071 Thread 0x000001f49d97e480 Thread added: 0x000001f49d97e480
Event: 0.082 Thread 0x000001f49d97e480 Thread added: 0x000001f4b68c2960
Event: 0.082 Thread 0x000001f49d97e480 Thread added: 0x000001f4b17f4a90
Event: 0.100 Thread 0x000001f49d97e480 Thread added: 0x000001f4b68e9340
Event: 0.100 Thread 0x000001f49d97e480 Thread added: 0x000001f4b68e9d10
Event: 0.100 Thread 0x000001f49d97e480 Thread added: 0x000001f4b68eb8e0
Event: 0.100 Thread 0x000001f49d97e480 Thread added: 0x000001f4b68ecc40
Event: 0.100 Thread 0x000001f49d97e480 Thread added: 0x000001f4b68f21f0
Event: 0.100 Thread 0x000001f49d97e480 Thread added: 0x000001f4b68f4ab0
Event: 0.100 Thread 0x000001f49d97e480 Thread added: 0x000001f4b68fd4a0
Event: 0.154 Thread 0x000001f49d97e480 Thread added: 0x000001f4b6964850
Event: 0.184 Thread 0x000001f4b68f4ab0 Thread added: 0x000001f4b6ac3e00
Event: 0.378 Thread 0x000001f49d97e480 Thread added: 0x000001f4b6c77ee0
Event: 0.618 Thread 0x000001f4b68f4ab0 Thread added: 0x000001f4b7b4fc70
Event: 1.138 Thread 0x000001f4b7b4fc70 Thread exited: 0x000001f4b7b4fc70
Event: 1.157 Thread 0x000001f4b6ac3e00 Thread exited: 0x000001f4b6ac3e00
Event: 1.189 Thread 0x000001f4b68f21f0 Thread added: 0x000001f4b6ac3d80
Event: 1.382 Thread 0x000001f49d97e480 Thread added: 0x000001f4b816b050
Event: 1.738 Thread 0x000001f4b6ac3d80 Thread exited: 0x000001f4b6ac3d80


Dynamic libraries:
0x00007ff72b450000 - 0x00007ff72b45e000 	c:\Users\knare\.vscode\extensions\redhat.java-1.38.0-win32-x64\jre\17.0.13-win32-x86_64\bin\java.exe
0x00007ffdf83d0000 - 0x00007ffdf85e7000 	C:\WINDOWS\SYSTEM32\ntdll.dll
0x00007ffdf62c0000 - 0x00007ffdf6384000 	C:\WINDOWS\System32\KERNEL32.DLL
0x00007ffdf5a10000 - 0x00007ffdf5dca000 	C:\WINDOWS\System32\KERNELBASE.dll
0x00007ffdf5dd0000 - 0x00007ffdf5ee1000 	C:\WINDOWS\System32\ucrtbase.dll
0x00007ffdcb810000 - 0x00007ffdcb827000 	c:\Users\knare\.vscode\extensions\redhat.java-1.38.0-win32-x64\jre\17.0.13-win32-x86_64\bin\jli.dll
0x00007ffdd6690000 - 0x00007ffdd66ae000 	c:\Users\knare\.vscode\extensions\redhat.java-1.38.0-win32-x64\jre\17.0.13-win32-x86_64\bin\VCRUNTIME140.dll
0x00007ffdf7fa0000 - 0x00007ffdf814e000 	C:\WINDOWS\System32\USER32.dll
0x00007ffdf5ef0000 - 0x00007ffdf5f16000 	C:\WINDOWS\System32\win32u.dll
0x00007ffdf7f60000 - 0x00007ffdf7f89000 	C:\WINDOWS\System32\GDI32.dll
0x00007ffdf5870000 - 0x00007ffdf598b000 	C:\WINDOWS\System32\gdi32full.dll
0x00007ffdf5690000 - 0x00007ffdf572a000 	C:\WINDOWS\System32\msvcp_win.dll
0x00007ffdde2c0000 - 0x00007ffdde552000 	C:\WINDOWS\WinSxS\amd64_microsoft.windows.common-controls_6595b64144ccf1df_6.0.22621.4541_none_2710d1c57384c085\COMCTL32.dll
0x00007ffdf8150000 - 0x00007ffdf81f7000 	C:\WINDOWS\System32\msvcrt.dll
0x00007ffdf7930000 - 0x00007ffdf7961000 	C:\WINDOWS\System32\IMM32.DLL
0x00007ffde3b80000 - 0x00007ffde3b8c000 	c:\Users\knare\.vscode\extensions\redhat.java-1.38.0-win32-x64\jre\17.0.13-win32-x86_64\bin\vcruntime140_1.dll
0x00007ffda1d00000 - 0x00007ffda1d8d000 	c:\Users\knare\.vscode\extensions\redhat.java-1.38.0-win32-x64\jre\17.0.13-win32-x86_64\bin\msvcp140.dll
0x00007ffd0be60000 - 0x00007ffd0cacb000 	c:\Users\knare\.vscode\extensions\redhat.java-1.38.0-win32-x64\jre\17.0.13-win32-x86_64\bin\server\jvm.dll
0x00007ffdf82c0000 - 0x00007ffdf8372000 	C:\WINDOWS\System32\ADVAPI32.dll
0x00007ffdf7cf0000 - 0x00007ffdf7d97000 	C:\WINDOWS\System32\sechost.dll
0x00007ffdf5f20000 - 0x00007ffdf5f48000 	C:\WINDOWS\System32\bcrypt.dll
0x00007ffdf79f0000 - 0x00007ffdf7b04000 	C:\WINDOWS\System32\RPCRT4.dll
0x00007ffdf7970000 - 0x00007ffdf79e1000 	C:\WINDOWS\System32\WS2_32.dll
0x00007ffdf4f60000 - 0x00007ffdf4fad000 	C:\WINDOWS\SYSTEM32\POWRPROF.dll
0x00007ffdf0b90000 - 0x00007ffdf0bc4000 	C:\WINDOWS\SYSTEM32\WINMM.dll
0x00007ffdee0d0000 - 0x00007ffdee0da000 	C:\WINDOWS\SYSTEM32\VERSION.dll
0x00007ffdf4f40000 - 0x00007ffdf4f53000 	C:\WINDOWS\SYSTEM32\UMPDC.dll
0x00007ffdf4690000 - 0x00007ffdf46a8000 	C:\WINDOWS\SYSTEM32\kernel.appcore.dll
0x00007ffdd6680000 - 0x00007ffdd668a000 	c:\Users\knare\.vscode\extensions\redhat.java-1.38.0-win32-x64\jre\17.0.13-win32-x86_64\bin\jimage.dll
0x00007ffdf2e80000 - 0x00007ffdf30b2000 	C:\WINDOWS\SYSTEM32\DBGHELP.DLL
0x00007ffdf6670000 - 0x00007ffdf6a01000 	C:\WINDOWS\System32\combase.dll
0x00007ffdf7c10000 - 0x00007ffdf7ce7000 	C:\WINDOWS\System32\OLEAUT32.dll
0x00007ffdee2b0000 - 0x00007ffdee2e2000 	C:\WINDOWS\SYSTEM32\dbgcore.DLL
0x00007ffdf5990000 - 0x00007ffdf5a0b000 	C:\WINDOWS\System32\bcryptPrimitives.dll
0x00007ffdd0b10000 - 0x00007ffdd0b1e000 	c:\Users\knare\.vscode\extensions\redhat.java-1.38.0-win32-x64\jre\17.0.13-win32-x86_64\bin\instrument.dll
0x00007ffda8580000 - 0x00007ffda85a5000 	c:\Users\knare\.vscode\extensions\redhat.java-1.38.0-win32-x64\jre\17.0.13-win32-x86_64\bin\java.dll
0x00007ffdc8c30000 - 0x00007ffdc8c48000 	c:\Users\knare\.vscode\extensions\redhat.java-1.38.0-win32-x64\jre\17.0.13-win32-x86_64\bin\zip.dll
0x00007ffdf6a30000 - 0x00007ffdf72a9000 	C:\WINDOWS\System32\SHELL32.dll
0x00007ffdf3580000 - 0x00007ffdf3e89000 	C:\WINDOWS\SYSTEM32\windows.storage.dll
0x00007ffdf3440000 - 0x00007ffdf357f000 	C:\WINDOWS\SYSTEM32\wintypes.dll
0x00007ffdf60c0000 - 0x00007ffdf61ba000 	C:\WINDOWS\System32\SHCORE.dll
0x00007ffdf72e0000 - 0x00007ffdf733e000 	C:\WINDOWS\System32\shlwapi.dll
0x00007ffdf55c0000 - 0x00007ffdf55eb000 	C:\WINDOWS\SYSTEM32\profapi.dll
0x00007ffdc8940000 - 0x00007ffdc8959000 	C:\Users\knare\.vscode\extensions\redhat.java-1.38.0-win32-x64\jre\17.0.13-win32-x86_64\bin\net.dll
0x00007ffdf1ea0000 - 0x00007ffdf1fd6000 	C:\WINDOWS\SYSTEM32\WINHTTP.dll
0x00007ffdf4b00000 - 0x00007ffdf4b69000 	C:\WINDOWS\system32\mswsock.dll
0x00007ffdc7c90000 - 0x00007ffdc7ca6000 	C:\Users\knare\.vscode\extensions\redhat.java-1.38.0-win32-x64\jre\17.0.13-win32-x86_64\bin\nio.dll
0x00007ffdec730000 - 0x00007ffdec740000 	c:\Users\knare\.vscode\extensions\redhat.java-1.38.0-win32-x64\jre\17.0.13-win32-x86_64\bin\verify.dll

dbghelp: loaded successfully - version: 4.0.5 - missing functions: none
symbol engine: initialized successfully - sym options: 0x614 - pdb path: .;c:\Users\knare\.vscode\extensions\redhat.java-1.38.0-win32-x64\jre\17.0.13-win32-x86_64\bin;C:\WINDOWS\SYSTEM32;C:\WINDOWS\WinSxS\amd64_microsoft.windows.common-controls_6595b64144ccf1df_6.0.22621.4541_none_2710d1c57384c085;c:\Users\knare\.vscode\extensions\redhat.java-1.38.0-win32-x64\jre\17.0.13-win32-x86_64\bin\server

VM Arguments:
jvm_args: --add-modules=ALL-SYSTEM --add-opens=java.base/java.util=ALL-UNNAMED --add-opens=java.base/java.lang=ALL-UNNAMED --add-opens=java.base/sun.nio.fs=ALL-UNNAMED -Declipse.application=org.eclipse.jdt.ls.core.id1 -Dosgi.bundles.defaultStartLevel=4 -Declipse.product=org.eclipse.jdt.ls.core.product -Djava.import.generatesMetadataFilesAtProjectRoot=false -DDetectVMInstallationsJob.disabled=true -Dfile.encoding=utf8 -XX:+UseParallelGC -XX:GCTimeRatio=4 -XX:AdaptiveSizePolicyWeight=90 -Dsun.zip.disableMemoryMapping=true -Xmx1G -Xms100m -Xlog:disable -javaagent:c:\Users\knare\.vscode\extensions\redhat.java-1.38.0-win32-x64\lombok\lombok-1.18.34.jar -XX:+HeapDumpOnOutOfMemoryError -XX:HeapDumpPath=c:\Users\knare\AppData\Roaming\Code\User\workspaceStorage\b4134743f85b67cd7ea5228943d4ab32\redhat.java -Daether.dependencyCollector.impl=bf 
java_command: c:\Users\knare\.vscode\extensions\redhat.java-1.38.0-win32-x64\server\plugins\org.eclipse.equinox.launcher_1.6.900.v20240613-2009.jar -configuration c:\Users\knare\AppData\Roaming\Code\User\globalStorage\redhat.java\1.38.0\config_win -data c:\Users\knare\AppData\Roaming\Code\User\workspaceStorage\b4134743f85b67cd7ea5228943d4ab32\redhat.java\jdt_ws --pipe=\\.\pipe\lsp-9cbb1538a7486841b451ed9008be9073-sock
java_class_path (initial): c:\Users\knare\.vscode\extensions\redhat.java-1.38.0-win32-x64\server\plugins\org.eclipse.equinox.launcher_1.6.900.v20240613-2009.jar
Launcher Type: SUN_STANDARD

[Global flags]
    uintx AdaptiveSizePolicyWeight                 = 90                                        {product} {command line}
     intx CICompilerCount                          = 4                                         {product} {ergonomic}
    uintx GCTimeRatio                              = 4                                         {product} {command line}
     bool HeapDumpOnOutOfMemoryError               = true                                   {manageable} {command line}
    ccstr HeapDumpPath                             = c:\Users\knare\AppData\Roaming\Code\User\workspaceStorage\b4134743f85b67cd7ea5228943d4ab32\redhat.java         {manageable} {command line}
   size_t InitialHeapSize                          = 104857600                                 {product} {command line}
   size_t MaxHeapSize                              = 1073741824                                {product} {command line}
   size_t MaxNewSize                               = 357564416                                 {product} {ergonomic}
   size_t MinHeapDeltaBytes                        = 524288                                    {product} {ergonomic}
   size_t MinHeapSize                              = 104857600                                 {product} {command line}
   size_t NewSize                                  = 34603008                                  {product} {ergonomic}
    uintx NonNMethodCodeHeapSize                   = 5839372                                {pd product} {ergonomic}
    uintx NonProfiledCodeHeapSize                  = 122909434                              {pd product} {ergonomic}
   size_t OldSize                                  = 70254592                                  {product} {ergonomic}
    uintx ProfiledCodeHeapSize                     = 122909434                              {pd product} {ergonomic}
    uintx ReservedCodeCacheSize                    = 251658240                              {pd product} {ergonomic}
     bool SegmentedCodeCache                       = true                                      {product} {ergonomic}
   size_t SoftMaxHeapSize                          = 1073741824                             {manageable} {ergonomic}
     bool UseCompressedClassPointers               = true                           {product lp64_product} {ergonomic}
     bool UseCompressedOops                        = true                           {product lp64_product} {ergonomic}
     bool UseLargePagesIndividualAllocation        = false                                  {pd product} {ergonomic}
     bool UseParallelGC                            = true                                      {product} {command line}

Logging:
Log output configuration:
 #0: stdout all=off uptime,level,tags
 #1: stderr all=off uptime,level,tags

Environment Variables:
PATH=C:\Program Files\Common Files\Oracle\Java\javapath;C:\WINDOWS\system32;C:\WINDOWS;C:\WINDOWS\System32\Wbem;C:\WINDOWS\System32\WindowsPowerShell\v1.0\;C:\WINDOWS\System32\OpenSSH\;C:\Program Files\Git\cmd;C:\Program Files\Redis\;C:\Program Files\Amazon\AWSCLIV2\;C:\ProgramData\chocolatey\bin;C:\Program Files\nodejs\;C:\Users\knare\AppData\Local\Programs\Python\Python312\Scripts\;C:\Users\knare\AppData\Local\Programs\Python\Python312\;C:\Users\knare\AppData\Local\Programs\Python\Launcher\;C:\Users\knare\AppData\Local\Microsoft\WindowsApps;C:\Users\knare\AppData\Local\GitHubDesktop\bin;C:\Users\knare\AppData\Local\Programs\Microsoft VS Code\bin;C:\Users\knare\AppData\Roaming\npm
USERNAME=knare
OS=Windows_NT
PROCESSOR_IDENTIFIER=Intel64 Family 6 Model 140 Stepping 1, GenuineIntel
TMP=C:\Users\knare\AppData\Local\Temp
TEMP=C:\Users\knare\AppData\Local\Temp



Periodic native trim disabled


---------------  S Y S T E M  ---------------

OS:
 Windows 11 , 64 bit Build 22621 (10.0.22621.4391)
OS uptime: 1 days 5:29 hours
Hyper-V role detected

CPU: total 8 (initial active 8) (4 cores per cpu, 2 threads per core) family 6 model 140 stepping 1 microcode 0x8a, cx8, cmov, fxsr, ht, mmx, 3dnowpref, sse, sse2, sse3, ssse3, sse4.1, sse4.2, popcnt, lzcnt, tsc, tscinvbit, avx, avx2, aes, erms, clmul, bmi1, bmi2, adx, avx512f, avx512dq, avx512cd, avx512bw, avx512vl, sha, fma, vzeroupper, avx512_vpopcntdq, avx512_vpclmulqdq, avx512_vaes, avx512_vnni, clflush, clflushopt, clwb, avx512_vbmi2, avx512_vbmi, hv
Processor Information for all 8 processors :
  Max Mhz: 2419, Current Mhz: 2419, Mhz Limit: 2419

Memory: 4k page, system-wide physical 7975M (1054M free)
TotalPageFile size 17660M (AvailPageFile size 141M)
current process WorkingSet (physical memory assigned to process): 82M, peak: 83M
current process commit charge ("private bytes"): 203M, peak: 204M

vm_info: OpenJDK 64-Bit Server VM (17.0.13+11) for windows-amd64 JRE (17.0.13+11), built on Oct 16 2024 00:10:08 by "admin" with MS VC++ 17.7 (VS2022)

END.
